Using pre-set license
Built from '2022.3/release' branch; Version is '2022.3.20f1 (61c2feb0970d) revision 6406910'; Using compiler version '192829333'; Build Type 'Release'
OS: 'Windows 10  (10.0.19045) 64bit Education' Language: 'fr' Physical Memory: 32481 MB
BatchMode: 1, IsHumanControllingUs: 0, StartBugReporterOnCrash: 0, Is64bit: 1, IsPro: 1

COMMAND LINE ARGUMENTS:
C:\Program Files\Unity\Hub\Editor\2022.3.20f1\Editor\Unity.exe
-adb2
-batchMode
-noUpm
-name
AssetImportWorker4
-projectPath
C:/Users/e2053322/Desktop/Environnement-jeux
-logFile
Logs/AssetImportWorker4.log
-srvPort
51264
Successfully changed project path to: C:/Users/e2053322/Desktop/Environnement-jeux
C:/Users/e2053322/Desktop/Environnement-jeux
[UnityMemory] Configuration Parameters - Can be set up in boot.config
    "memorysetup-bucket-allocator-granularity=16"
    "memorysetup-bucket-allocator-bucket-count=8"
    "memorysetup-bucket-allocator-block-size=33554432"
    "memorysetup-bucket-allocator-block-count=8"
    "memorysetup-main-allocator-block-size=16777216"
    "memorysetup-thread-allocator-block-size=16777216"
    "memorysetup-gfx-main-allocator-block-size=16777216"
    "memorysetup-gfx-thread-allocator-block-size=16777216"
    "memorysetup-cache-allocator-block-size=4194304"
    "memorysetup-typetree-allocator-block-size=2097152"
    "memorysetup-profiler-bucket-allocator-granularity=16"
    "memorysetup-profiler-bucket-allocator-bucket-count=8"
    "memorysetup-profiler-bucket-allocator-block-size=33554432"
    "memorysetup-profiler-bucket-allocator-block-count=8"
    "memorysetup-profiler-allocator-block-size=16777216"
    "memorysetup-profiler-editor-allocator-block-size=1048576"
    "memorysetup-temp-allocator-size-main=16777216"
    "memorysetup-job-temp-allocator-block-size=2097152"
    "memorysetup-job-temp-allocator-block-size-background=1048576"
    "memorysetup-job-temp-allocator-reduction-small-platforms=262144"
    "memorysetup-allocator-temp-initial-block-size-main=262144"
    "memorysetup-allocator-temp-initial-block-size-worker=262144"
    "memorysetup-temp-allocator-size-background-worker=32768"
    "memorysetup-temp-allocator-size-job-worker=262144"
    "memorysetup-temp-allocator-size-preload-manager=33554432"
    "memorysetup-temp-allocator-size-nav-mesh-worker=65536"
    "memorysetup-temp-allocator-size-audio-worker=65536"
    "memorysetup-temp-allocator-size-cloud-worker=32768"
    "memorysetup-temp-allocator-size-gi-baking-worker=262144"
    "memorysetup-temp-allocator-size-gfx=262144"
Player connection [24952] Host "[IP] 10.80.68.98 [Port] 0 [Flags] 2 [Guid] 2519859832 [EditorId] 2519859832 [Version] 1048832 [Id] WindowsEditor(7,B1166-02) [Debug] 1 [PackageName] WindowsEditor [ProjectName] Editor" joined multi-casting on [225.0.0.222:54997]...

Player connection [24952] Host "[IP] 10.80.68.98 [Port] 0 [Flags] 2 [Guid] 2519859832 [EditorId] 2519859832 [Version] 1048832 [Id] WindowsEditor(7,B1166-02) [Debug] 1 [PackageName] WindowsEditor [ProjectName] Editor" joined alternative multi-casting on [225.0.0.222:34997]...

[Physics::Module] Initialized MultithreadedJobDispatcher with 19 workers.
Refreshing native plugins compatible for Editor in 7.99 ms, found 3 plugins.
Preloading 0 native plugins for Editor in 0.00 ms.
Initialize engine version: 2022.3.20f1 (61c2feb0970d)
[Subsystems] Discovering subsystems at path C:/Program Files/Unity/Hub/Editor/2022.3.20f1/Editor/Data/Resources/UnitySubsystems
[Subsystems] Discovering subsystems at path C:/Users/e2053322/Desktop/Environnement-jeux/Assets
GfxDevice: creating device client; threaded=0; jobified=0
Direct3D:
    Version:  Direct3D 11.0 [level 11.1]
    Renderer: NVIDIA GeForce RTX 3070 (ID=0x2488)
    Vendor:   NVIDIA
    VRAM:     8031 MB
    Driver:   31.0.15.3667
Initialize mono
Mono path[0] = 'C:/Program Files/Unity/Hub/Editor/2022.3.20f1/Editor/Data/Managed'
Mono path[1] = 'C:/Program Files/Unity/Hub/Editor/2022.3.20f1/Editor/Data/MonoBleedingEdge/lib/mono/unityjit-win32'
Mono config path = 'C:/Program Files/Unity/Hub/Editor/2022.3.20f1/Editor/Data/MonoBleedingEdge/etc'
Using monoOptions --debugger-agent=transport=dt_socket,embedding=1,server=y,suspend=n,address=127.0.0.1:56336
Begin MonoManager ReloadAssembly
Registering precompiled unity dll's ...
Register platform support module: C:/Program Files/Unity/Hub/Editor/2022.3.20f1/Editor/Data/PlaybackEngines/WindowsStandaloneSupport/UnityEditor.WindowsStandalone.Extensions.dll
Registered in 0.007170 seconds.
- Loaded All Assemblies, in  0.325 seconds
Native extension for WindowsStandalone target not found
Mono: successfully reloaded assembly
- Finished resetting the current domain, in  0.233 seconds
Domain Reload Profiling: 556ms
	BeginReloadAssembly (106ms)
		ExecutionOrderSort (0ms)
		DisableScriptedObjects (0ms)
		BackupInstance (0ms)
		ReleaseScriptingObjects (0ms)
		CreateAndSetChildDomain (1ms)
	RebuildCommonClasses (41ms)
	RebuildNativeTypeToScriptingClass (9ms)
	initialDomainReloadingComplete (52ms)
	LoadAllAssembliesAndSetupDomain (114ms)
		LoadAssemblies (105ms)
		RebuildTransferFunctionScriptingTraits (0ms)
		AnalyzeDomain (112ms)
			TypeCache.Refresh (111ms)
				TypeCache.ScanAssembly (99ms)
			ScanForSourceGeneratedMonoScriptInfo (0ms)
			ResolveRequiredComponents (1ms)
	FinalizeReload (233ms)
		ReleaseScriptCaches (0ms)
		RebuildScriptCaches (0ms)
		SetupLoadedEditorAssemblies (179ms)
			LogAssemblyErrors (0ms)
			InitializePlatformSupportModulesInManaged (8ms)
			SetLoadedEditorAssemblies (6ms)
			RefreshPlugins (0ms)
			BeforeProcessingInitializeOnLoad (2ms)
			ProcessInitializeOnLoadAttributes (122ms)
			ProcessInitializeOnLoadMethodAttributes (40ms)
			AfterProcessingInitializeOnLoad (0ms)
			EditorAssembliesLoaded (0ms)
		ExecutionOrderSort2 (0ms)
		AwakeInstancesAfterBackupRestoration (0ms)
========================================================================
Worker process is ready to serve import requests
Begin MonoManager ReloadAssembly
- Loaded All Assemblies, in  0.509 seconds
Refreshing native plugins compatible for Editor in 3.12 ms, found 3 plugins.
Native extension for WindowsStandalone target not found
Package Manager log level set to [2]
[Package Manager] Server::EnsureServerProcessIsRunning -- launch failed, reason: Unity was launched with the -noUpm command-line argument
[Package Manager] UpmClient::Send -- Unable to send message (not connected to UPM process).
[Package Manager] Cannot connect to Unity Package Manager local server
Mono: successfully reloaded assembly
- Finished resetting the current domain, in  0.474 seconds
Domain Reload Profiling: 980ms
	BeginReloadAssembly (127ms)
		ExecutionOrderSort (0ms)
		DisableScriptedObjects (5ms)
		BackupInstance (0ms)
		ReleaseScriptingObjects (0ms)
		CreateAndSetChildDomain (16ms)
	RebuildCommonClasses (28ms)
	RebuildNativeTypeToScriptingClass (9ms)
	initialDomainReloadingComplete (36ms)
	LoadAllAssembliesAndSetupDomain (306ms)
		LoadAssemblies (234ms)
		RebuildTransferFunctionScriptingTraits (0ms)
		AnalyzeDomain (149ms)
			TypeCache.Refresh (133ms)
				TypeCache.ScanAssembly (120ms)
			ScanForSourceGeneratedMonoScriptInfo (12ms)
			ResolveRequiredComponents (3ms)
	FinalizeReload (474ms)
		ReleaseScriptCaches (0ms)
		RebuildScriptCaches (0ms)
		SetupLoadedEditorAssemblies (352ms)
			LogAssemblyErrors (0ms)
			InitializePlatformSupportModulesInManaged (5ms)
			SetLoadedEditorAssemblies (4ms)
			RefreshPlugins (0ms)
			BeforeProcessingInitializeOnLoad (51ms)
			ProcessInitializeOnLoadAttributes (268ms)
			ProcessInitializeOnLoadMethodAttributes (17ms)
			AfterProcessingInitializeOnLoad (7ms)
			EditorAssembliesLoaded (0ms)
		ExecutionOrderSort2 (0ms)
		AwakeInstancesAfterBackupRestoration (5ms)
Launched and connected shader compiler UnityShaderCompiler.exe after 0.04 seconds
Refreshing native plugins compatible for Editor in 3.98 ms, found 3 plugins.
Preloading 0 native plugins for Editor in 0.00 ms.
Unloading 3083 Unused Serialized files (Serialized files now loaded: 0)
Unloading 32 unused Assets / (57.6 KB). Loaded Objects now: 3566.
Memory consumption went from 133.0 MB to 133.0 MB.
Total: 2.845800 ms (FindLiveObjects: 0.251600 ms CreateObjectMapping: 0.186900 ms MarkObjects: 2.315600 ms  DeleteObjects: 0.091000 ms)

AssetImportParameters requested are different than current active one (requested -> active):
  custom:container-demuxer-ogg: 62fdf1f143b41e24485cea50d1cbac27 -> 
  custom:video-decoder-ogg-theora: a1e56fd34408186e4bbccfd4996cb3dc -> 
  custom:framework-win-MediaFoundation: 216162199b28c13a410421893ffa2e32 -> 
  custom:CustomObjectIndexerAttribute: 6d391050e5a25f67b0a2c618074f2cd9 -> 
  custom:container-demuxer-webm: 4f35f7cbe854078d1ac9338744f61a02 -> 
  custom:container-muxer-webm: aa71ff27fc2769a1b78a27578f13a17b -> 
  custom:video-decoder-webm-vp8: 9c59270c3fd7afecdb556c50c9e8de78 -> 
  custom:SearchIndexIgnoredProperties: e643bd26f0fe6173181afceb89e7c659 -> 
  custom:AudioImporter_EditorPlatform: d09bf68614088b80899f8185d706f6e7 -> 
  custom:video-encoder-webm-vp8: eb34c28f22e8b96e1ab97ce403110664 -> 
  custom:audio-decoder-ogg-vorbis: bf7c407c2cedff20999df2af8eb42d56 -> 
  custom:audio-encoder-webm-vorbis: bf7c407c2cedff20999df2af8eb42d56 -> 
========================================================================
Received Import Request.
  Time since last request: 348095.786801 seconds.
  path: Assets/TexturesTerrainAvecNormalMap/Texture Maps - Forest Grounds/ground-GreenShoots-Closer_Color-unity.tga
  artifactKey: Guid(98e1a6d2774d64e4c9e028bc81958252) Importer(815301076,1909f56bfc062723c751e8b465ee728b)
Start importing Assets/TexturesTerrainAvecNormalMap/Texture Maps - Forest Grounds/ground-GreenShoots-Closer_Color-unity.tga using Guid(98e1a6d2774d64e4c9e028bc81958252) Importer(815301076,1909f56bfc062723c751e8b465ee728b)  -> (artifact id: '87dda0e926d50fa3e065307e82230e47') in 0.057300 seconds
Number of updated asset objects reloaded before import = 0
Number of asset objects unloaded after import = 2
========================================================================
Received Import Request.
  Time since last request: 0.025201 seconds.
  path: Assets/TexturesTerrainAvecNormalMap/Texture Maps - Forest Grounds/ground-LeafyTrail_Normal-unity.tga
  artifactKey: Guid(8af6a4f472ad45f46b055b2213f2ee12) Importer(815301076,1909f56bfc062723c751e8b465ee728b)
Start importing Assets/TexturesTerrainAvecNormalMap/Texture Maps - Forest Grounds/ground-LeafyTrail_Normal-unity.tga using Guid(8af6a4f472ad45f46b055b2213f2ee12) Importer(815301076,1909f56bfc062723c751e8b465ee728b)  -> (artifact id: '3a7a9cc04b5c13a52a84f12e9e14b719') in 0.041727 seconds
Number of updated asset objects reloaded before import = 0
Number of asset objects unloaded after import = 2
========================================================================
Received Import Request.
  Time since last request: 0.000012 seconds.
  path: Assets/TexturesTerrainAvecNormalMap/Texture Maps - Forest Grounds/ground-leaves-RedGreenMixed_Normal-unity.tga
  artifactKey: Guid(bcf7352cd40b02444affbbd1be04c761) Importer(815301076,1909f56bfc062723c751e8b465ee728b)
Start importing Assets/TexturesTerrainAvecNormalMap/Texture Maps - Forest Grounds/ground-leaves-RedGreenMixed_Normal-unity.tga using Guid(bcf7352cd40b02444affbbd1be04c761) Importer(815301076,1909f56bfc062723c751e8b465ee728b)  -> (artifact id: 'b1080460a4b68915da60975a761645f9') in 0.019870 seconds
Number of updated asset objects reloaded before import = 0
Number of asset objects unloaded after import = 2
========================================================================
Received Import Request.
  Time since last request: 0.040090 seconds.
  path: Assets/TexturesTerrainAvecNormalMap/Texture Maps - Forest Grounds/ground-LongGreenGrass_Normal-unity.tga
  artifactKey: Guid(727b5b8971a6d3f47840681ce844e3e2) Importer(815301076,1909f56bfc062723c751e8b465ee728b)
Start importing Assets/TexturesTerrainAvecNormalMap/Texture Maps - Forest Grounds/ground-LongGreenGrass_Normal-unity.tga using Guid(727b5b8971a6d3f47840681ce844e3e2) Importer(815301076,1909f56bfc062723c751e8b465ee728b)  -> (artifact id: '9cc6cf2845fe1efdc00ac1b9049fe601') in 0.019734 seconds
Number of updated asset objects reloaded before import = 0
Number of asset objects unloaded after import = 2
========================================================================
Received Import Request.
  Time since last request: 0.000013 seconds.
  path: Assets/TexturesTerrainAvecNormalMap/Texture Maps - Forest Grounds/ground-ManySingleHeartShapedLeaves_Color-unity.tga
  artifactKey: Guid(6710a47ead76fb841ba20b390aa5fadc) Importer(815301076,1909f56bfc062723c751e8b465ee728b)
Start importing Assets/TexturesTerrainAvecNormalMap/Texture Maps - Forest Grounds/ground-ManySingleHeartShapedLeaves_Color-unity.tga using Guid(6710a47ead76fb841ba20b390aa5fadc) Importer(815301076,1909f56bfc062723c751e8b465ee728b)  -> (artifact id: '767defeba6727272e64e5b058de21ac1') in 0.019091 seconds
Number of updated asset objects reloaded before import = 0
Number of asset objects unloaded after import = 2
========================================================================
Received Import Request.
  Time since last request: 0.306765 seconds.
  path: Assets/TexturesTerrainAvecNormalMap/Texture Maps - Forest Grounds/ground-ManySingleHeartShapedLeaves_Normal-unity.tga
  artifactKey: Guid(9b69443085f929f4babae602b057408c) Importer(815301076,1909f56bfc062723c751e8b465ee728b)
Start importing Assets/TexturesTerrainAvecNormalMap/Texture Maps - Forest Grounds/ground-ManySingleHeartShapedLeaves_Normal-unity.tga using Guid(9b69443085f929f4babae602b057408c) Importer(815301076,1909f56bfc062723c751e8b465ee728b)  -> (artifact id: '9370930385634dcce1e3a5251b6e9014') in 0.020822 seconds
Number of updated asset objects reloaded before import = 0
Number of asset objects unloaded after import = 2
========================================================================
Received Import Request.
  Time since last request: 0.000016 seconds.
  path: Assets/TexturesTerrainAvecNormalMap/Texture Maps - Forest Grounds/ground-Moss & Needles_Color-unity.tga
  artifactKey: Guid(648683f0e0b9c6246bb1a044392d6cc6) Importer(815301076,1909f56bfc062723c751e8b465ee728b)
Start importing Assets/TexturesTerrainAvecNormalMap/Texture Maps - Forest Grounds/ground-Moss & Needles_Color-unity.tga using Guid(648683f0e0b9c6246bb1a044392d6cc6) Importer(815301076,1909f56bfc062723c751e8b465ee728b)  -> (artifact id: '4a8803f3b92d219ebf2afeb2a385729b') in 0.017972 seconds
Number of updated asset objects reloaded before import = 0
Number of asset objects unloaded after import = 2
========================================================================
Received Import Request.
  Time since last request: 0.000848 seconds.
  path: Assets/TexturesTerrainAvecNormalMap/Texture Maps - Forest Grounds/ground-MossWithDryLeaves_Normal-unity.tga
  artifactKey: Guid(5d74bfe8da7361844a82213d40e979e6) Importer(815301076,1909f56bfc062723c751e8b465ee728b)
Start importing Assets/TexturesTerrainAvecNormalMap/Texture Maps - Forest Grounds/ground-MossWithDryLeaves_Normal-unity.tga using Guid(5d74bfe8da7361844a82213d40e979e6) Importer(815301076,1909f56bfc062723c751e8b465ee728b)  -> (artifact id: '4d3fface4267a72245eb46e9df1d3f53') in 0.019704 seconds
Number of updated asset objects reloaded before import = 0
Number of asset objects unloaded after import = 2
========================================================================
Received Import Request.
  Time since last request: 0.014504 seconds.
  path: Assets/TexturesTerrainAvecNormalMap/Texture Maps - Forest Grounds/ground-MossyRocksLeaves_Normal-unity.tga
  artifactKey: Guid(259a90c7c90d86b45bd984a4d6b413a6) Importer(815301076,1909f56bfc062723c751e8b465ee728b)
Start importing Assets/TexturesTerrainAvecNormalMap/Texture Maps - Forest Grounds/ground-MossyRocksLeaves_Normal-unity.tga using Guid(259a90c7c90d86b45bd984a4d6b413a6) Importer(815301076,1909f56bfc062723c751e8b465ee728b)  -> (artifact id: '015680380cd6352e759e1149957d0089') in 0.018316 seconds
Number of updated asset objects reloaded before import = 0
Number of asset objects unloaded after import = 2
========================================================================
Received Import Request.
  Time since last request: 0.000022 seconds.
  path: Assets/TexturesTerrainAvecNormalMap/Texture Maps - Forest Grounds/ground-PatchyGrass_Normal-unity.tga
  artifactKey: Guid(71d906f6a840e2f4d88219aaf7e698fd) Importer(815301076,1909f56bfc062723c751e8b465ee728b)
Start importing Assets/TexturesTerrainAvecNormalMap/Texture Maps - Forest Grounds/ground-PatchyGrass_Normal-unity.tga using Guid(71d906f6a840e2f4d88219aaf7e698fd) Importer(815301076,1909f56bfc062723c751e8b465ee728b)  -> (artifact id: 'cc77656ee92561696fa81d1fa0256295') in 0.022304 seconds
Number of updated asset objects reloaded before import = 0
Number of asset objects unloaded after import = 2
========================================================================
Received Import Request.
  Time since last request: 0.001227 seconds.
  path: Assets/TexturesTerrainAvecNormalMap/Texture Maps - Forest Grounds/ground-ShortGrass_Normal-unity.tga
  artifactKey: Guid(a787582cf93bbe745a7ba5ebb36d1aa7) Importer(815301076,1909f56bfc062723c751e8b465ee728b)
Start importing Assets/TexturesTerrainAvecNormalMap/Texture Maps - Forest Grounds/ground-ShortGrass_Normal-unity.tga using Guid(a787582cf93bbe745a7ba5ebb36d1aa7) Importer(815301076,1909f56bfc062723c751e8b465ee728b)  -> (artifact id: '6da51a7b00b52fd885ccb51872a33345') in 0.020789 seconds
Number of updated asset objects reloaded before import = 0
Number of asset objects unloaded after import = 2
========================================================================
Received Import Request.
  Time since last request: 0.000014 seconds.
  path: Assets/TexturesTerrainAvecNormalMap/Texture Maps - Forest Grounds/ground-SpringSnow_Normal-unity.tga
  artifactKey: Guid(a3dda866c296f6343a9479cbff20276c) Importer(815301076,1909f56bfc062723c751e8b465ee728b)
Start importing Assets/TexturesTerrainAvecNormalMap/Texture Maps - Forest Grounds/ground-SpringSnow_Normal-unity.tga using Guid(a3dda866c296f6343a9479cbff20276c) Importer(815301076,1909f56bfc062723c751e8b465ee728b)  -> (artifact id: 'b808bb05f23e21b2c50b8d8b0c3b0d93') in 0.022018 seconds
Number of updated asset objects reloaded before import = 0
Number of asset objects unloaded after import = 2
========================================================================
Received Import Request.
  Time since last request: 0.000015 seconds.
  path: Assets/TexturesTerrainAvecNormalMap/Texture Maps - Forest Grounds/ground-WetWinterOakLeaves_Normal-unity.tga
  artifactKey: Guid(cb478220ed1592943a69c33506dd8ca1) Importer(815301076,1909f56bfc062723c751e8b465ee728b)
Start importing Assets/TexturesTerrainAvecNormalMap/Texture Maps - Forest Grounds/ground-WetWinterOakLeaves_Normal-unity.tga using Guid(cb478220ed1592943a69c33506dd8ca1) Importer(815301076,1909f56bfc062723c751e8b465ee728b)  -> (artifact id: '61a5e4ddc4813735afd7b9eb680d154a') in 0.019807 seconds
Number of updated asset objects reloaded before import = 0
Number of asset objects unloaded after import = 2
========================================================================
Received Import Request.
  Time since last request: 0.000021 seconds.
  path: Assets/TexturesTerrainAvecNormalMap/Texture Maps - Forest Grounds/ground-SpringSnowGrass_Color-unity.tga
  artifactKey: Guid(b7c92cac29d35b348b48d735e4d88953) Importer(815301076,1909f56bfc062723c751e8b465ee728b)
Start importing Assets/TexturesTerrainAvecNormalMap/Texture Maps - Forest Grounds/ground-SpringSnowGrass_Color-unity.tga using Guid(b7c92cac29d35b348b48d735e4d88953) Importer(815301076,1909f56bfc062723c751e8b465ee728b)  -> (artifact id: 'aa693820a3b1777fe010ed555ecae886') in 0.016875 seconds
Number of updated asset objects reloaded before import = 0
Number of asset objects unloaded after import = 2
========================================================================
Received Import Request.
  Time since last request: 0.253221 seconds.
  path: Assets/TexturesTerrainAvecNormalMap/Texture Maps - Forest Grounds/ground-WinterOakLeaves-Closer_Color-unity.tga
  artifactKey: Guid(30959b7e6b16346498d150dfa47caa19) Importer(815301076,1909f56bfc062723c751e8b465ee728b)
Start importing Assets/TexturesTerrainAvecNormalMap/Texture Maps - Forest Grounds/ground-WinterOakLeaves-Closer_Color-unity.tga using Guid(30959b7e6b16346498d150dfa47caa19) Importer(815301076,1909f56bfc062723c751e8b465ee728b)  -> (artifact id: '5300089b487d60ad793e9210fbb9a490') in 0.018884 seconds
Number of updated asset objects reloaded before import = 0
Number of asset objects unloaded after import = 2
========================================================================
Received Import Request.
  Time since last request: 0.000022 seconds.
  path: Assets/Tree_Textures/normal_specular.png
  artifactKey: Guid(f66f5765379975a45b0d9d5a52c3b418) Importer(815301076,1909f56bfc062723c751e8b465ee728b)
Start importing Assets/Tree_Textures/normal_specular.png using Guid(f66f5765379975a45b0d9d5a52c3b418) Importer(815301076,1909f56bfc062723c751e8b465ee728b)  -> (artifact id: '926e0e31be19fbee6ab4e625d4863b6b') in 0.019462 seconds
Number of updated asset objects reloaded before import = 0
Number of asset objects unloaded after import = 2
========================================================================
Received Import Request.
  Time since last request: 0.012443 seconds.
  path: Assets/Tree_Textures/translucency_gloss.png
  artifactKey: Guid(3b74af287ec97344ea1f06d44e1d716b) Importer(815301076,1909f56bfc062723c751e8b465ee728b)
Start importing Assets/Tree_Textures/translucency_gloss.png using Guid(3b74af287ec97344ea1f06d44e1d716b) Importer(815301076,1909f56bfc062723c751e8b465ee728b)  -> (artifact id: '8e0b85021aab06c12143d6c8d9fe6e88') in 0.017263 seconds
Number of updated asset objects reloaded before import = 0
Number of asset objects unloaded after import = 2
========================================================================
Received Import Request.
  Time since last request: 2.325830 seconds.
  path: Assets/NewBrush.brush
  artifactKey: Guid(a3ffa0278aaab6940ab718a8dd495503) Importer(815301076,1909f56bfc062723c751e8b465ee728b)
Start importing Assets/NewBrush.brush using Guid(a3ffa0278aaab6940ab718a8dd495503) Importer(815301076,1909f56bfc062723c751e8b465ee728b)  -> (artifact id: '31840f68981e382598a4591cac80ec85') in 0.018518 seconds
Number of updated asset objects reloaded before import = 0
Number of asset objects unloaded after import = 2
========================================================================
Received Import Request.
  Time since last request: 16.918670 seconds.
  path: Assets/NewBrush 1.brush
  artifactKey: Guid(5b53d94a1b2e9234997cf139f9f8dd73) Importer(815301076,1909f56bfc062723c751e8b465ee728b)
Start importing Assets/NewBrush 1.brush using Guid(5b53d94a1b2e9234997cf139f9f8dd73) Importer(815301076,1909f56bfc062723c751e8b465ee728b)  -> (artifact id: 'eaf781e75ba407cb3d6fc25ef8760354') in 0.012182 seconds
Number of updated asset objects reloaded before import = 0
Number of asset objects unloaded after import = 2
========================================================================
Received Import Request.
  Time since last request: 28.257973 seconds.
  path: Assets/NewBrush 2.brush
  artifactKey: Guid(622a9777e43d86f48881d0aa5e7bea15) Importer(815301076,1909f56bfc062723c751e8b465ee728b)
Start importing Assets/NewBrush 2.brush using Guid(622a9777e43d86f48881d0aa5e7bea15) Importer(815301076,1909f56bfc062723c751e8b465ee728b)  -> (artifact id: 'a10b972d1446db428314049372365280') in 0.011833 seconds
Number of updated asset objects reloaded before import = 0
Number of asset objects unloaded after import = 2
========================================================================
Received Import Request.
  Time since last request: 348.862653 seconds.
  path: Assets/NewBrush 3.brush
  artifactKey: Guid(b662185438687544ebb3d54a2543210d) Importer(815301076,1909f56bfc062723c751e8b465ee728b)
Start importing Assets/NewBrush 3.brush using Guid(b662185438687544ebb3d54a2543210d) Importer(815301076,1909f56bfc062723c751e8b465ee728b)  -> (artifact id: 'a363b9e7e0a967b27059d017325a9ca7') in 0.013156 seconds
Number of updated asset objects reloaded before import = 0
Number of asset objects unloaded after import = 2
========================================================================
Received Import Request.
  Time since last request: 1805.019401 seconds.
  path: Assets/NewLayer 5.terrainlayer
  artifactKey: Guid(39c5ba58aaa341b4a82f5739273ccf21) Importer(815301076,1909f56bfc062723c751e8b465ee728b)
Start importing Assets/NewLayer 5.terrainlayer using Guid(39c5ba58aaa341b4a82f5739273ccf21) Importer(815301076,1909f56bfc062723c751e8b465ee728b)  -> (artifact id: '2cf4161b26ee9bd569d3cb2a735f14bb') in 0.042473 seconds
Number of updated asset objects reloaded before import = 0
Number of asset objects unloaded after import = 2
========================================================================
Received Import Request.
  Time since last request: 176.636536 seconds.
  path: Assets/NewLayer 3.terrainlayer
  artifactKey: Guid(cc7b8678aa17aad44a6c9f673cb789b7) Importer(815301076,1909f56bfc062723c751e8b465ee728b)
Start importing Assets/NewLayer 3.terrainlayer using Guid(cc7b8678aa17aad44a6c9f673cb789b7) Importer(815301076,1909f56bfc062723c751e8b465ee728b)  -> (artifact id: '3bebd0bbff613032ed16341ab209962f') in 0.021933 seconds
Number of updated asset objects reloaded before import = 0
Number of asset objects unloaded after import = 2
========================================================================
Received Import Request.
  Time since last request: 0.296199 seconds.
  path: Assets/NewLayer 4.terrainlayer
  artifactKey: Guid(f3914542786daef4e88b0a30365c7bb8) Importer(815301076,1909f56bfc062723c751e8b465ee728b)
Start importing Assets/NewLayer 4.terrainlayer using Guid(f3914542786daef4e88b0a30365c7bb8) Importer(815301076,1909f56bfc062723c751e8b465ee728b)  -> (artifact id: '07dcd787102cfed28aab9e4f03289c51') in 0.022207 seconds
Number of updated asset objects reloaded before import = 0
Number of asset objects unloaded after import = 2
========================================================================
Received Import Request.
  Time since last request: 401.658114 seconds.
  path: Assets/NewLayer 8.terrainlayer
  artifactKey: Guid(3c9c042b3e6c6484598288a130c2ca74) Importer(815301076,1909f56bfc062723c751e8b465ee728b)
Start importing Assets/NewLayer 8.terrainlayer using Guid(3c9c042b3e6c6484598288a130c2ca74) Importer(815301076,1909f56bfc062723c751e8b465ee728b)  -> (artifact id: '731b505d668f29a61abd380050fd436e') in 0.023255 seconds
Number of updated asset objects reloaded before import = 0
Number of asset objects unloaded after import = 2
========================================================================
Received Import Request.
  Time since last request: 12.226050 seconds.
  path: Assets/TerrainData_db7f09d9-9118-4b69-8d79-38060fdf18e1.asset
  artifactKey: Guid(426c6eee946ee2046b7f1b42203d61c0) Importer(815301076,1909f56bfc062723c751e8b465ee728b)
Start importing Assets/TerrainData_db7f09d9-9118-4b69-8d79-38060fdf18e1.asset using Guid(426c6eee946ee2046b7f1b42203d61c0) Importer(815301076,1909f56bfc062723c751e8b465ee728b)  -> (artifact id: 'abf539c59667850fb068d90fd5d09a87') in 0.019081 seconds
Number of updated asset objects reloaded before import = 0
Number of asset objects unloaded after import = 3
========================================================================
Received Prepare
Begin MonoManager ReloadAssembly
- Loaded All Assemblies, in  2.099 seconds
Refreshing native plugins compatible for Editor in 3.20 ms, found 3 plugins.
Native extension for WindowsStandalone target not found
[Package Manager] Server::EnsureServerProcessIsRunning -- launch failed, reason: Unity was launched with the -noUpm command-line argument
[Package Manager] UpmClient::Send -- Unable to send message (not connected to UPM process).
[Package Manager] Cannot connect to Unity Package Manager local server
Mono: successfully reloaded assembly
- Finished resetting the current domain, in  8.629 seconds
Domain Reload Profiling: 10725ms
	BeginReloadAssembly (160ms)
		ExecutionOrderSort (0ms)
		DisableScriptedObjects (5ms)
		BackupInstance (0ms)
		ReleaseScriptingObjects (0ms)
		CreateAndSetChildDomain (37ms)
	RebuildCommonClasses (28ms)
	RebuildNativeTypeToScriptingClass (9ms)
	initialDomainReloadingComplete (28ms)
	LoadAllAssembliesAndSetupDomain (1869ms)
		LoadAssemblies (1944ms)
		RebuildTransferFunctionScriptingTraits (0ms)
		AnalyzeDomain (12ms)
			TypeCache.Refresh (6ms)
				TypeCache.ScanAssembly (0ms)
			ScanForSourceGeneratedMonoScriptInfo (0ms)
			ResolveRequiredComponents (4ms)
	FinalizeReload (8630ms)
		ReleaseScriptCaches (0ms)
		RebuildScriptCaches (0ms)
		SetupLoadedEditorAssemblies (328ms)
			LogAssemblyErrors (0ms)
			InitializePlatformSupportModulesInManaged (6ms)
			SetLoadedEditorAssemblies (4ms)
			RefreshPlugins (0ms)
			BeforeProcessingInitializeOnLoad (53ms)
			ProcessInitializeOnLoadAttributes (239ms)
			ProcessInitializeOnLoadMethodAttributes (17ms)
			AfterProcessingInitializeOnLoad (9ms)
			EditorAssembliesLoaded (0ms)
		ExecutionOrderSort2 (0ms)
		AwakeInstancesAfterBackupRestoration (6ms)
Refreshing native plugins compatible for Editor in 4.36 ms, found 3 plugins.
Preloading 0 native plugins for Editor in 0.00 ms.
Unloading 3075 Unused Serialized files (Serialized files now loaded: 0)
Unloading 23 unused Assets / (31.0 KB). Loaded Objects now: 3584.
Memory consumption went from 138.3 MB to 138.2 MB.
Total: 2.931300 ms (FindLiveObjects: 0.218700 ms CreateObjectMapping: 0.161700 ms MarkObjects: 2.518000 ms  DeleteObjects: 0.032300 ms)

Prepare: number of updated asset objects reloaded= 0
AssetImportParameters requested are different than current active one (requested -> active):
  custom:container-demuxer-ogg: 62fdf1f143b41e24485cea50d1cbac27 -> 
  custom:video-decoder-ogg-theora: a1e56fd34408186e4bbccfd4996cb3dc -> 
  custom:framework-win-MediaFoundation: 216162199b28c13a410421893ffa2e32 -> 
  custom:CustomObjectIndexerAttribute: 6d391050e5a25f67b0a2c618074f2cd9 -> 
  custom:container-demuxer-webm: 4f35f7cbe854078d1ac9338744f61a02 -> 
  custom:container-muxer-webm: aa71ff27fc2769a1b78a27578f13a17b -> 
  custom:video-decoder-webm-vp8: 9c59270c3fd7afecdb556c50c9e8de78 -> 
  custom:SearchIndexIgnoredProperties: e643bd26f0fe6173181afceb89e7c659 -> 
  custom:AudioImporter_EditorPlatform: d09bf68614088b80899f8185d706f6e7 -> 
  custom:video-encoder-webm-vp8: eb34c28f22e8b96e1ab97ce403110664 -> 
  custom:audio-decoder-ogg-vorbis: bf7c407c2cedff20999df2af8eb42d56 -> 
  custom:audio-encoder-webm-vorbis: bf7c407c2cedff20999df2af8eb42d56 -> 
========================================================================
Received Import Request.
  Time since last request: 2169.849952 seconds.
  path: Assets/NewLayer 9.terrainlayer
  artifactKey: Guid(3fba8639d897cdf48b03e0ce95293f53) Importer(815301076,1909f56bfc062723c751e8b465ee728b)
Start importing Assets/NewLayer 9.terrainlayer using Guid(3fba8639d897cdf48b03e0ce95293f53) Importer(815301076,1909f56bfc062723c751e8b465ee728b)  -> (artifact id: '4ec292f765a09babd51a568d5a3d01bc') in 0.041941 seconds
Number of updated asset objects reloaded before import = 0
Number of asset objects unloaded after import = 2
