Using pre-set license
Built from '2022.3/release' branch; Version is '2022.3.20f1 (61c2feb0970d) revision 6406910'; Using compiler version '192829333'; Build Type 'Release'
OS: 'Windows 10  (10.0.19045) 64bit Education' Language: 'fr' Physical Memory: 32481 MB
BatchMode: 1, IsHumanControllingUs: 0, StartBugReporterOnCrash: 0, Is64bit: 1, IsPro: 1

COMMAND LINE ARGUMENTS:
C:\Program Files\Unity\Hub\Editor\2022.3.20f1\Editor\Unity.exe
-adb2
-batchMode
-noUpm
-name
AssetImportWorker2
-projectPath
C:/Users/e2053322/Desktop/Environnement-jeux
-logFile
Logs/AssetImportWorker2.log
-srvPort
51264
Successfully changed project path to: C:/Users/e2053322/Desktop/Environnement-jeux
C:/Users/e2053322/Desktop/Environnement-jeux
[UnityMemory] Configuration Parameters - Can be set up in boot.config
    "memorysetup-bucket-allocator-granularity=16"
    "memorysetup-bucket-allocator-bucket-count=8"
    "memorysetup-bucket-allocator-block-size=33554432"
    "memorysetup-bucket-allocator-block-count=8"
    "memorysetup-main-allocator-block-size=16777216"
    "memorysetup-thread-allocator-block-size=16777216"
    "memorysetup-gfx-main-allocator-block-size=16777216"
    "memorysetup-gfx-thread-allocator-block-size=16777216"
    "memorysetup-cache-allocator-block-size=4194304"
    "memorysetup-typetree-allocator-block-size=2097152"
    "memorysetup-profiler-bucket-allocator-granularity=16"
    "memorysetup-profiler-bucket-allocator-bucket-count=8"
    "memorysetup-profiler-bucket-allocator-block-size=33554432"
    "memorysetup-profiler-bucket-allocator-block-count=8"
    "memorysetup-profiler-allocator-block-size=16777216"
    "memorysetup-profiler-editor-allocator-block-size=1048576"
    "memorysetup-temp-allocator-size-main=16777216"
    "memorysetup-job-temp-allocator-block-size=2097152"
    "memorysetup-job-temp-allocator-block-size-background=1048576"
    "memorysetup-job-temp-allocator-reduction-small-platforms=262144"
    "memorysetup-allocator-temp-initial-block-size-main=262144"
    "memorysetup-allocator-temp-initial-block-size-worker=262144"
    "memorysetup-temp-allocator-size-background-worker=32768"
    "memorysetup-temp-allocator-size-job-worker=262144"
    "memorysetup-temp-allocator-size-preload-manager=33554432"
    "memorysetup-temp-allocator-size-nav-mesh-worker=65536"
    "memorysetup-temp-allocator-size-audio-worker=65536"
    "memorysetup-temp-allocator-size-cloud-worker=32768"
    "memorysetup-temp-allocator-size-gi-baking-worker=262144"
    "memorysetup-temp-allocator-size-gfx=262144"
Player connection [25356] Host "[IP] 10.80.68.98 [Port] 0 [Flags] 2 [Guid] 4278863329 [EditorId] 4278863329 [Version] 1048832 [Id] WindowsEditor(7,B1166-02) [Debug] 1 [PackageName] WindowsEditor [ProjectName] Editor" joined multi-casting on [225.0.0.222:54997]...

Player connection [25356] Host "[IP] 10.80.68.98 [Port] 0 [Flags] 2 [Guid] 4278863329 [EditorId] 4278863329 [Version] 1048832 [Id] WindowsEditor(7,B1166-02) [Debug] 1 [PackageName] WindowsEditor [ProjectName] Editor" joined alternative multi-casting on [225.0.0.222:34997]...

[Physics::Module] Initialized MultithreadedJobDispatcher with 19 workers.
Refreshing native plugins compatible for Editor in 7.85 ms, found 3 plugins.
Preloading 0 native plugins for Editor in 0.00 ms.
Initialize engine version: 2022.3.20f1 (61c2feb0970d)
[Subsystems] Discovering subsystems at path C:/Program Files/Unity/Hub/Editor/2022.3.20f1/Editor/Data/Resources/UnitySubsystems
[Subsystems] Discovering subsystems at path C:/Users/e2053322/Desktop/Environnement-jeux/Assets
GfxDevice: creating device client; threaded=0; jobified=0
Direct3D:
    Version:  Direct3D 11.0 [level 11.1]
    Renderer: NVIDIA GeForce RTX 3070 (ID=0x2488)
    Vendor:   NVIDIA
    VRAM:     8031 MB
    Driver:   31.0.15.3667
Initialize mono
Mono path[0] = 'C:/Program Files/Unity/Hub/Editor/2022.3.20f1/Editor/Data/Managed'
Mono path[1] = 'C:/Program Files/Unity/Hub/Editor/2022.3.20f1/Editor/Data/MonoBleedingEdge/lib/mono/unityjit-win32'
Mono config path = 'C:/Program Files/Unity/Hub/Editor/2022.3.20f1/Editor/Data/MonoBleedingEdge/etc'
Using monoOptions --debugger-agent=transport=dt_socket,embedding=1,server=y,suspend=n,address=127.0.0.1:56896
Begin MonoManager ReloadAssembly
Registering precompiled unity dll's ...
Register platform support module: C:/Program Files/Unity/Hub/Editor/2022.3.20f1/Editor/Data/PlaybackEngines/WindowsStandaloneSupport/UnityEditor.WindowsStandalone.Extensions.dll
Registered in 0.007312 seconds.
- Loaded All Assemblies, in  0.308 seconds
Native extension for WindowsStandalone target not found
Mono: successfully reloaded assembly
- Finished resetting the current domain, in  0.227 seconds
Domain Reload Profiling: 533ms
	BeginReloadAssembly (95ms)
		ExecutionOrderSort (0ms)
		DisableScriptedObjects (0ms)
		BackupInstance (0ms)
		ReleaseScriptingObjects (0ms)
		CreateAndSetChildDomain (1ms)
	RebuildCommonClasses (32ms)
	RebuildNativeTypeToScriptingClass (9ms)
	initialDomainReloadingComplete (50ms)
	LoadAllAssembliesAndSetupDomain (118ms)
		LoadAssemblies (93ms)
		RebuildTransferFunctionScriptingTraits (0ms)
		AnalyzeDomain (117ms)
			TypeCache.Refresh (116ms)
				TypeCache.ScanAssembly (104ms)
			ScanForSourceGeneratedMonoScriptInfo (0ms)
			ResolveRequiredComponents (0ms)
	FinalizeReload (228ms)
		ReleaseScriptCaches (0ms)
		RebuildScriptCaches (0ms)
		SetupLoadedEditorAssemblies (178ms)
			LogAssemblyErrors (0ms)
			InitializePlatformSupportModulesInManaged (8ms)
			SetLoadedEditorAssemblies (6ms)
			RefreshPlugins (0ms)
			BeforeProcessingInitializeOnLoad (2ms)
			ProcessInitializeOnLoadAttributes (123ms)
			ProcessInitializeOnLoadMethodAttributes (39ms)
			AfterProcessingInitializeOnLoad (0ms)
			EditorAssembliesLoaded (0ms)
		ExecutionOrderSort2 (0ms)
		AwakeInstancesAfterBackupRestoration (0ms)
========================================================================
Worker process is ready to serve import requests
Begin MonoManager ReloadAssembly
- Loaded All Assemblies, in  0.528 seconds
Refreshing native plugins compatible for Editor in 3.09 ms, found 3 plugins.
Native extension for WindowsStandalone target not found
Package Manager log level set to [2]
[Package Manager] Server::EnsureServerProcessIsRunning -- launch failed, reason: Unity was launched with the -noUpm command-line argument
[Package Manager] UpmClient::Send -- Unable to send message (not connected to UPM process).
[Package Manager] Cannot connect to Unity Package Manager local server
Mono: successfully reloaded assembly
- Finished resetting the current domain, in  0.492 seconds
Domain Reload Profiling: 1018ms
	BeginReloadAssembly (146ms)
		ExecutionOrderSort (0ms)
		DisableScriptedObjects (5ms)
		BackupInstance (0ms)
		ReleaseScriptingObjects (0ms)
		CreateAndSetChildDomain (17ms)
	RebuildCommonClasses (28ms)
	RebuildNativeTypeToScriptingClass (9ms)
	initialDomainReloadingComplete (41ms)
	LoadAllAssembliesAndSetupDomain (303ms)
		LoadAssemblies (250ms)
		RebuildTransferFunctionScriptingTraits (0ms)
		AnalyzeDomain (147ms)
			TypeCache.Refresh (131ms)
				TypeCache.ScanAssembly (119ms)
			ScanForSourceGeneratedMonoScriptInfo (11ms)
			ResolveRequiredComponents (3ms)
	FinalizeReload (492ms)
		ReleaseScriptCaches (0ms)
		RebuildScriptCaches (0ms)
		SetupLoadedEditorAssemblies (368ms)
			LogAssemblyErrors (0ms)
			InitializePlatformSupportModulesInManaged (6ms)
			SetLoadedEditorAssemblies (4ms)
			RefreshPlugins (0ms)
			BeforeProcessingInitializeOnLoad (53ms)
			ProcessInitializeOnLoadAttributes (281ms)
			ProcessInitializeOnLoadMethodAttributes (17ms)
			AfterProcessingInitializeOnLoad (7ms)
			EditorAssembliesLoaded (0ms)
		ExecutionOrderSort2 (0ms)
		AwakeInstancesAfterBackupRestoration (5ms)
Launched and connected shader compiler UnityShaderCompiler.exe after 0.03 seconds
Refreshing native plugins compatible for Editor in 3.63 ms, found 3 plugins.
Preloading 0 native plugins for Editor in 0.00 ms.
Unloading 3083 Unused Serialized files (Serialized files now loaded: 0)
Unloading 32 unused Assets / (57.1 KB). Loaded Objects now: 3566.
Memory consumption went from 133.0 MB to 132.9 MB.
Total: 4.158600 ms (FindLiveObjects: 0.423900 ms CreateObjectMapping: 0.256500 ms MarkObjects: 3.339700 ms  DeleteObjects: 0.137600 ms)

AssetImportParameters requested are different than current active one (requested -> active):
  custom:container-demuxer-ogg: 62fdf1f143b41e24485cea50d1cbac27 -> 
  custom:video-decoder-ogg-theora: a1e56fd34408186e4bbccfd4996cb3dc -> 
  custom:framework-win-MediaFoundation: 216162199b28c13a410421893ffa2e32 -> 
  custom:CustomObjectIndexerAttribute: 6d391050e5a25f67b0a2c618074f2cd9 -> 
  custom:container-demuxer-webm: 4f35f7cbe854078d1ac9338744f61a02 -> 
  custom:container-muxer-webm: aa71ff27fc2769a1b78a27578f13a17b -> 
  custom:video-decoder-webm-vp8: 9c59270c3fd7afecdb556c50c9e8de78 -> 
  custom:SearchIndexIgnoredProperties: e643bd26f0fe6173181afceb89e7c659 -> 
  custom:AudioImporter_EditorPlatform: d09bf68614088b80899f8185d706f6e7 -> 
  custom:video-encoder-webm-vp8: eb34c28f22e8b96e1ab97ce403110664 -> 
  custom:audio-decoder-ogg-vorbis: bf7c407c2cedff20999df2af8eb42d56 -> 
  custom:audio-encoder-webm-vorbis: bf7c407c2cedff20999df2af8eb42d56 -> 
========================================================================
Received Import Request.
  Time since last request: 348086.949388 seconds.
  path: Assets/TexturesTerrainAvecNormalMap/Texture Maps - Forest Grounds/ground-Brambles_Color-unity.tga
  artifactKey: Guid(8c9d70097bbbd6f4fb1f511ebd45e20c) Importer(815301076,1909f56bfc062723c751e8b465ee728b)
Start importing Assets/TexturesTerrainAvecNormalMap/Texture Maps - Forest Grounds/ground-Brambles_Color-unity.tga using Guid(8c9d70097bbbd6f4fb1f511ebd45e20c) Importer(815301076,1909f56bfc062723c751e8b465ee728b)  -> (artifact id: 'ee6f02b056954f48fc1039dd9720741e') in 0.054402 seconds
Number of updated asset objects reloaded before import = 0
Number of asset objects unloaded after import = 2
========================================================================
Received Import Request.
  Time since last request: 0.008999 seconds.
  path: Assets/TexturesTerrainAvecNormalMap/Texture Maps - Forest Grounds/ground-ColorFallLeavesOnGrass_Normal-unity.tga
  artifactKey: Guid(9bfa55c810eec824b873b21b8d161541) Importer(815301076,1909f56bfc062723c751e8b465ee728b)
Start importing Assets/TexturesTerrainAvecNormalMap/Texture Maps - Forest Grounds/ground-ColorFallLeavesOnGrass_Normal-unity.tga using Guid(9bfa55c810eec824b873b21b8d161541) Importer(815301076,1909f56bfc062723c751e8b465ee728b)  -> (artifact id: 'bc275d6ff5c1bb95680f015df548833c') in 0.038977 seconds
Number of updated asset objects reloaded before import = 0
Number of asset objects unloaded after import = 2
========================================================================
Received Import Request.
  Time since last request: 0.000013 seconds.
  path: Assets/TexturesTerrainAvecNormalMap/Texture Maps - Forest Grounds/ground-CrackedEarthCloser_Normal-unity.tga
  artifactKey: Guid(547991eb14dab42498edf5386af43a23) Importer(815301076,1909f56bfc062723c751e8b465ee728b)
Start importing Assets/TexturesTerrainAvecNormalMap/Texture Maps - Forest Grounds/ground-CrackedEarthCloser_Normal-unity.tga using Guid(547991eb14dab42498edf5386af43a23) Importer(815301076,1909f56bfc062723c751e8b465ee728b)  -> (artifact id: '6f8f8e265dfa50e0bf972c0cb580ef67') in 0.018104 seconds
Number of updated asset objects reloaded before import = 0
Number of asset objects unloaded after import = 2
========================================================================
Received Import Request.
  Time since last request: 0.000013 seconds.
  path: Assets/TexturesTerrainAvecNormalMap/Texture Maps - Forest Grounds/ground-DeadSkinnyLeaves.tga
  artifactKey: Guid(5c68f37a3fb7aeb4391f37e9db8092a5) Importer(815301076,1909f56bfc062723c751e8b465ee728b)
Start importing Assets/TexturesTerrainAvecNormalMap/Texture Maps - Forest Grounds/ground-DeadSkinnyLeaves.tga using Guid(5c68f37a3fb7aeb4391f37e9db8092a5) Importer(815301076,1909f56bfc062723c751e8b465ee728b)  -> (artifact id: 'c55e92e0654a1177a595aafa6ab018c0') in 0.019715 seconds
Number of updated asset objects reloaded before import = 0
Number of asset objects unloaded after import = 2
========================================================================
Received Import Request.
  Time since last request: 0.000018 seconds.
  path: Assets/TexturesTerrainAvecNormalMap/Texture Maps - Forest Grounds/ground-DeadSkinnyLeaves_Color-unity.tga
  artifactKey: Guid(eb38bb38e32432d43a9851818456934a) Importer(815301076,1909f56bfc062723c751e8b465ee728b)
Start importing Assets/TexturesTerrainAvecNormalMap/Texture Maps - Forest Grounds/ground-DeadSkinnyLeaves_Color-unity.tga using Guid(eb38bb38e32432d43a9851818456934a) Importer(815301076,1909f56bfc062723c751e8b465ee728b)  -> (artifact id: 'bb0fc849a4e43bdc9e1735fb35a6f910') in 0.016175 seconds
Number of updated asset objects reloaded before import = 0
Number of asset objects unloaded after import = 2
========================================================================
Received Import Request.
  Time since last request: 0.000997 seconds.
  path: Assets/TexturesTerrainAvecNormalMap/Texture Maps - Forest Grounds/ground-DecayedLeaves.png
  artifactKey: Guid(4a69954cd5314a045bf261cfdf205e52) Importer(815301076,1909f56bfc062723c751e8b465ee728b)
Start importing Assets/TexturesTerrainAvecNormalMap/Texture Maps - Forest Grounds/ground-DecayedLeaves.png using Guid(4a69954cd5314a045bf261cfdf205e52) Importer(815301076,1909f56bfc062723c751e8b465ee728b)  -> (artifact id: '3c00575ecf582f190e346fe285d82a49') in 0.018700 seconds
Number of updated asset objects reloaded before import = 0
Number of asset objects unloaded after import = 2
========================================================================
Received Import Request.
  Time since last request: 0.156070 seconds.
  path: Assets/TexturesTerrainAvecNormalMap/Texture Maps - Forest Grounds/ground-DensePointyLeaves_Color-unity.tga
  artifactKey: Guid(823858f6829c84241aa3e386b9965159) Importer(815301076,1909f56bfc062723c751e8b465ee728b)
Start importing Assets/TexturesTerrainAvecNormalMap/Texture Maps - Forest Grounds/ground-DensePointyLeaves_Color-unity.tga using Guid(823858f6829c84241aa3e386b9965159) Importer(815301076,1909f56bfc062723c751e8b465ee728b)  -> (artifact id: 'c227ff8093048c7cfdacc5e923f770e2') in 0.018252 seconds
Number of updated asset objects reloaded before import = 0
Number of asset objects unloaded after import = 2
========================================================================
Received Import Request.
  Time since last request: 2.621987 seconds.
  path: Assets/TexturesTerrainAvecNormalMap/Texture Maps - Forest Grounds/ground-DenseSmallLeavesTinyPurpleFlowers_Normal-unity.tga
  artifactKey: Guid(8694c86dfe0b3e2488bf7f9dcbe1c156) Importer(815301076,1909f56bfc062723c751e8b465ee728b)
Start importing Assets/TexturesTerrainAvecNormalMap/Texture Maps - Forest Grounds/ground-DenseSmallLeavesTinyPurpleFlowers_Normal-unity.tga using Guid(8694c86dfe0b3e2488bf7f9dcbe1c156) Importer(815301076,1909f56bfc062723c751e8b465ee728b)  -> (artifact id: 'be240f127bbdd1c2241a5ef38e139212') in 0.021747 seconds
Number of updated asset objects reloaded before import = 0
Number of asset objects unloaded after import = 2
========================================================================
Received Import Request.
  Time since last request: 0.000018 seconds.
  path: Assets/TexturesTerrainAvecNormalMap/Texture Maps - Forest Grounds/ground-DryForestFloorSmallGreenery.png
  artifactKey: Guid(b19c8717d0f5f744691da7b0c66c11b1) Importer(815301076,1909f56bfc062723c751e8b465ee728b)
Start importing Assets/TexturesTerrainAvecNormalMap/Texture Maps - Forest Grounds/ground-DryForestFloorSmallGreenery.png using Guid(b19c8717d0f5f744691da7b0c66c11b1) Importer(815301076,1909f56bfc062723c751e8b465ee728b)  -> (artifact id: 'a5972dab6bd6880f827576dff3647c8a') in 0.023830 seconds
Number of updated asset objects reloaded before import = 0
Number of asset objects unloaded after import = 2
========================================================================
Received Import Request.
  Time since last request: 0.010318 seconds.
  path: Assets/TexturesTerrainAvecNormalMap/Texture Maps - Forest Grounds/ground-DryForestFloorSmallGreenery_Normal-unity.tga
  artifactKey: Guid(daac5de34af50a14ba78e4611af8637f) Importer(815301076,1909f56bfc062723c751e8b465ee728b)
Start importing Assets/TexturesTerrainAvecNormalMap/Texture Maps - Forest Grounds/ground-DryForestFloorSmallGreenery_Normal-unity.tga using Guid(daac5de34af50a14ba78e4611af8637f) Importer(815301076,1909f56bfc062723c751e8b465ee728b)  -> (artifact id: '668a11c282ec08f712bba60606acd048') in 0.020145 seconds
Number of updated asset objects reloaded before import = 0
Number of asset objects unloaded after import = 2
========================================================================
Received Import Request.
  Time since last request: 0.000017 seconds.
  path: Assets/TexturesTerrainAvecNormalMap/Texture Maps - Forest Grounds/ground-DryMattedGrass_Color-unity.tga
  artifactKey: Guid(b6d3a6a41d8cd9e42939425deeee9e6e) Importer(815301076,1909f56bfc062723c751e8b465ee728b)
Start importing Assets/TexturesTerrainAvecNormalMap/Texture Maps - Forest Grounds/ground-DryMattedGrass_Color-unity.tga using Guid(b6d3a6a41d8cd9e42939425deeee9e6e) Importer(815301076,1909f56bfc062723c751e8b465ee728b)  -> (artifact id: 'c4a7015ebc7aef2ffd27ded4f48488b6') in 0.021578 seconds
Number of updated asset objects reloaded before import = 0
Number of asset objects unloaded after import = 2
========================================================================
Received Import Request.
  Time since last request: 0.021705 seconds.
  path: Assets/TexturesTerrainAvecNormalMap/Texture Maps - Forest Grounds/ground-DryMattedGrass_Normal-unity.tga
  artifactKey: Guid(1d8e7889070f33843bd7c6be75d109b1) Importer(815301076,1909f56bfc062723c751e8b465ee728b)
Start importing Assets/TexturesTerrainAvecNormalMap/Texture Maps - Forest Grounds/ground-DryMattedGrass_Normal-unity.tga using Guid(1d8e7889070f33843bd7c6be75d109b1) Importer(815301076,1909f56bfc062723c751e8b465ee728b)  -> (artifact id: '9af644d3d99b6daadb6f914555fa2093') in 0.023142 seconds
Number of updated asset objects reloaded before import = 0
Number of asset objects unloaded after import = 2
========================================================================
Received Import Request.
  Time since last request: 0.000021 seconds.
  path: Assets/TexturesTerrainAvecNormalMap/Texture Maps - Forest Grounds/ground-DryWithGReenLeaves.tga
  artifactKey: Guid(360a238c8723e2b41a798a4bf4862866) Importer(815301076,1909f56bfc062723c751e8b465ee728b)
Start importing Assets/TexturesTerrainAvecNormalMap/Texture Maps - Forest Grounds/ground-DryWithGReenLeaves.tga using Guid(360a238c8723e2b41a798a4bf4862866) Importer(815301076,1909f56bfc062723c751e8b465ee728b)  -> (artifact id: 'cc9f8859faeff23194bede7c6cd8ce76') in 0.021011 seconds
Number of updated asset objects reloaded before import = 0
Number of asset objects unloaded after import = 2
========================================================================
Received Import Request.
  Time since last request: 0.337986 seconds.
  path: Assets/TexturesTerrainAvecNormalMap/Texture Maps - Forest Grounds/ground-FernyBankLeavesTwigs_Normal-unity.tga
  artifactKey: Guid(ed3dfbabb0b3a3241bb102ad9c76a189) Importer(815301076,1909f56bfc062723c751e8b465ee728b)
Start importing Assets/TexturesTerrainAvecNormalMap/Texture Maps - Forest Grounds/ground-FernyBankLeavesTwigs_Normal-unity.tga using Guid(ed3dfbabb0b3a3241bb102ad9c76a189) Importer(815301076,1909f56bfc062723c751e8b465ee728b)  -> (artifact id: '96276f6a9cd3b75d7515523dc07175bc') in 0.020873 seconds
Number of updated asset objects reloaded before import = 0
Number of asset objects unloaded after import = 2
========================================================================
Received Import Request.
  Time since last request: 0.000019 seconds.
  path: Assets/TexturesTerrainAvecNormalMap/Texture Maps - Forest Grounds/ground-GreenLeavesWhiteFlowers_Color-unity.tga
  artifactKey: Guid(c23f8538c6730c842bc44048c33fad5f) Importer(815301076,1909f56bfc062723c751e8b465ee728b)
Start importing Assets/TexturesTerrainAvecNormalMap/Texture Maps - Forest Grounds/ground-GreenLeavesWhiteFlowers_Color-unity.tga using Guid(c23f8538c6730c842bc44048c33fad5f) Importer(815301076,1909f56bfc062723c751e8b465ee728b)  -> (artifact id: 'c56cd60ae20ec80c17cba8826214d0ed') in 0.019832 seconds
Number of updated asset objects reloaded before import = 0
Number of asset objects unloaded after import = 2
========================================================================
Received Import Request.
  Time since last request: 5.314114 seconds.
  path: Assets/TexturesTerrainAvecNormalMap/Texture Maps - Forest Grounds/ground-GreenShoots-Closer_Normal-unity.tga
  artifactKey: Guid(270c4c0d1e001814aa26a45a5bd0fcc7) Importer(815301076,1909f56bfc062723c751e8b465ee728b)
Start importing Assets/TexturesTerrainAvecNormalMap/Texture Maps - Forest Grounds/ground-GreenShoots-Closer_Normal-unity.tga using Guid(270c4c0d1e001814aa26a45a5bd0fcc7) Importer(815301076,1909f56bfc062723c751e8b465ee728b)  -> (artifact id: '80a7db94a66d574fbf2dda4b2fc02132') in 0.048044 seconds
Number of updated asset objects reloaded before import = 0
Number of asset objects unloaded after import = 2
========================================================================
Received Import Request.
  Time since last request: 0.000016 seconds.
  path: Assets/TexturesTerrainAvecNormalMap/Texture Maps - Forest Grounds/ground-HillyUndergrowth_Normal-unity.tga
  artifactKey: Guid(1c8d19b6673fdc94e94fcfb442efecf6) Importer(815301076,1909f56bfc062723c751e8b465ee728b)
Start importing Assets/TexturesTerrainAvecNormalMap/Texture Maps - Forest Grounds/ground-HillyUndergrowth_Normal-unity.tga using Guid(1c8d19b6673fdc94e94fcfb442efecf6) Importer(815301076,1909f56bfc062723c751e8b465ee728b)  -> (artifact id: 'dff73982ad36fbba40c089674b6ca40b') in 0.016601 seconds
Number of updated asset objects reloaded before import = 0
Number of asset objects unloaded after import = 2
========================================================================
Received Import Request.
  Time since last request: 0.017539 seconds.
  path: Assets/TexturesTerrainAvecNormalMap/Texture Maps - Forest Grounds/ground-leaves-greenWithLightGrn.tga
  artifactKey: Guid(5493d860da32c694184190ef2dd3314b) Importer(815301076,1909f56bfc062723c751e8b465ee728b)
Start importing Assets/TexturesTerrainAvecNormalMap/Texture Maps - Forest Grounds/ground-leaves-greenWithLightGrn.tga using Guid(5493d860da32c694184190ef2dd3314b) Importer(815301076,1909f56bfc062723c751e8b465ee728b)  -> (artifact id: '2857cedfbbd96dba762b3673a0fd1940') in 0.019629 seconds
Number of updated asset objects reloaded before import = 0
Number of asset objects unloaded after import = 2
========================================================================
Received Import Request.
  Time since last request: 0.000016 seconds.
  path: Assets/TexturesTerrainAvecNormalMap/Texture Maps - Forest Grounds/ground-leaves-RedGreenMixed 2_Color-unity.tga
  artifactKey: Guid(86d847f32652f3c4490be849fd13b197) Importer(815301076,1909f56bfc062723c751e8b465ee728b)
Start importing Assets/TexturesTerrainAvecNormalMap/Texture Maps - Forest Grounds/ground-leaves-RedGreenMixed 2_Color-unity.tga using Guid(86d847f32652f3c4490be849fd13b197) Importer(815301076,1909f56bfc062723c751e8b465ee728b)  -> (artifact id: '9e8e630b49632ab12e415a3eb2e9bf78') in 0.019289 seconds
Number of updated asset objects reloaded before import = 0
Number of asset objects unloaded after import = 2
========================================================================
Received Import Request.
  Time since last request: 0.002572 seconds.
  path: Assets/TexturesTerrainAvecNormalMap/Texture Maps - Forest Grounds/ground-LightDuff.tga
  artifactKey: Guid(9cea4923787bc2b4f82065071a2ce99d) Importer(815301076,1909f56bfc062723c751e8b465ee728b)
Start importing Assets/TexturesTerrainAvecNormalMap/Texture Maps - Forest Grounds/ground-LightDuff.tga using Guid(9cea4923787bc2b4f82065071a2ce99d) Importer(815301076,1909f56bfc062723c751e8b465ee728b)  -> (artifact id: '12ffb329e12b890bf3de9aef7254fd17') in 0.019720 seconds
Number of updated asset objects reloaded before import = 0
Number of asset objects unloaded after import = 2
========================================================================
Received Import Request.
  Time since last request: 0.000012 seconds.
  path: Assets/TexturesTerrainAvecNormalMap/Texture Maps - Forest Grounds/ground-LongGreenGrass_Color-unity.tga
  artifactKey: Guid(4c3c7d2ac45f05c4c8d72a3f5f9f90f2) Importer(815301076,1909f56bfc062723c751e8b465ee728b)
Start importing Assets/TexturesTerrainAvecNormalMap/Texture Maps - Forest Grounds/ground-LongGreenGrass_Color-unity.tga using Guid(4c3c7d2ac45f05c4c8d72a3f5f9f90f2) Importer(815301076,1909f56bfc062723c751e8b465ee728b)  -> (artifact id: '5430fb21b46bcd56d49947bf157112e6') in 0.018699 seconds
Number of updated asset objects reloaded before import = 0
Number of asset objects unloaded after import = 2
========================================================================
Received Import Request.
  Time since last request: 0.021529 seconds.
  path: Assets/TexturesTerrainAvecNormalMap/Texture Maps - Forest Grounds/ground-LongThinGrassDiag.tga
  artifactKey: Guid(29ed14c135444ed4299e370298bb1ba9) Importer(815301076,1909f56bfc062723c751e8b465ee728b)
Start importing Assets/TexturesTerrainAvecNormalMap/Texture Maps - Forest Grounds/ground-LongThinGrassDiag.tga using Guid(29ed14c135444ed4299e370298bb1ba9) Importer(815301076,1909f56bfc062723c751e8b465ee728b)  -> (artifact id: 'b2bd1abe2caf2c360660230ec9cc8fac') in 0.019535 seconds
Number of updated asset objects reloaded before import = 0
Number of asset objects unloaded after import = 2
========================================================================
Received Import Request.
  Time since last request: 0.326395 seconds.
  path: Assets/TexturesTerrainAvecNormalMap/Texture Maps - Forest Grounds/ground-MeadowWithSmallFlowers.tga
  artifactKey: Guid(ddeef4561afe18441bba61481741c1eb) Importer(815301076,1909f56bfc062723c751e8b465ee728b)
Start importing Assets/TexturesTerrainAvecNormalMap/Texture Maps - Forest Grounds/ground-MeadowWithSmallFlowers.tga using Guid(ddeef4561afe18441bba61481741c1eb) Importer(815301076,1909f56bfc062723c751e8b465ee728b)  -> (artifact id: 'd1c5ac6bf61439305c4c450f98bf8d7a') in 0.020423 seconds
Number of updated asset objects reloaded before import = 0
Number of asset objects unloaded after import = 2
========================================================================
Received Import Request.
  Time since last request: 0.000015 seconds.
  path: Assets/TexturesTerrainAvecNormalMap/Texture Maps - Forest Grounds/ground-MossWithDryLeaves_Color-unity.tga
  artifactKey: Guid(60b200ef15883dc4cb97f0af71d8dd36) Importer(815301076,1909f56bfc062723c751e8b465ee728b)
Start importing Assets/TexturesTerrainAvecNormalMap/Texture Maps - Forest Grounds/ground-MossWithDryLeaves_Color-unity.tga using Guid(60b200ef15883dc4cb97f0af71d8dd36) Importer(815301076,1909f56bfc062723c751e8b465ee728b)  -> (artifact id: '2c3f80d2b70636fa8e580304ed1ca20b') in 0.017759 seconds
Number of updated asset objects reloaded before import = 0
Number of asset objects unloaded after import = 2
========================================================================
Received Import Request.
  Time since last request: 0.001333 seconds.
  path: Assets/TexturesTerrainAvecNormalMap/Texture Maps - Forest Grounds/ground-MossyRocksDirt.tga
  artifactKey: Guid(087f434397c06ed49a062cbbc4aa329f) Importer(815301076,1909f56bfc062723c751e8b465ee728b)
Start importing Assets/TexturesTerrainAvecNormalMap/Texture Maps - Forest Grounds/ground-MossyRocksDirt.tga using Guid(087f434397c06ed49a062cbbc4aa329f) Importer(815301076,1909f56bfc062723c751e8b465ee728b)  -> (artifact id: '2c439208de25b63c66604841b7951a97') in 0.019104 seconds
Number of updated asset objects reloaded before import = 0
Number of asset objects unloaded after import = 2
========================================================================
Received Import Request.
  Time since last request: 0.000024 seconds.
  path: Assets/TexturesTerrainAvecNormalMap/Texture Maps - Forest Grounds/ground-MossyRocksLeaves2_Normal-unity.tga
  artifactKey: Guid(fa4f4469343879b49ab32b72373f702b) Importer(815301076,1909f56bfc062723c751e8b465ee728b)
Start importing Assets/TexturesTerrainAvecNormalMap/Texture Maps - Forest Grounds/ground-MossyRocksLeaves2_Normal-unity.tga using Guid(fa4f4469343879b49ab32b72373f702b) Importer(815301076,1909f56bfc062723c751e8b465ee728b)  -> (artifact id: '1b69d87597208f3bb1e46aab26fa2ddc') in 0.018630 seconds
Number of updated asset objects reloaded before import = 0
Number of asset objects unloaded after import = 2
========================================================================
Received Import Request.
  Time since last request: 0.000019 seconds.
  path: Assets/TexturesTerrainAvecNormalMap/Texture Maps - Forest Grounds/ground-PineBoughs.png
  artifactKey: Guid(5343260feed288f439f10f2e12f3d6d4) Importer(815301076,1909f56bfc062723c751e8b465ee728b)
Start importing Assets/TexturesTerrainAvecNormalMap/Texture Maps - Forest Grounds/ground-PineBoughs.png using Guid(5343260feed288f439f10f2e12f3d6d4) Importer(815301076,1909f56bfc062723c751e8b465ee728b)  -> (artifact id: 'f90b0c7ed0e9c55fbe6f5c12e236b01a') in 0.021351 seconds
Number of updated asset objects reloaded before import = 0
Number of asset objects unloaded after import = 2
========================================================================
Received Import Request.
  Time since last request: 0.016904 seconds.
  path: Assets/TexturesTerrainAvecNormalMap/Texture Maps - Forest Grounds/ground-SpringSnow.png
  artifactKey: Guid(c699424a57aceb34e8bbc7d5c85e8532) Importer(815301076,1909f56bfc062723c751e8b465ee728b)
Start importing Assets/TexturesTerrainAvecNormalMap/Texture Maps - Forest Grounds/ground-SpringSnow.png using Guid(c699424a57aceb34e8bbc7d5c85e8532) Importer(815301076,1909f56bfc062723c751e8b465ee728b)  -> (artifact id: '7d8fe777ef973ce6e05d12af24c47b8c') in 0.020376 seconds
Number of updated asset objects reloaded before import = 0
Number of asset objects unloaded after import = 2
========================================================================
Received Import Request.
  Time since last request: 0.000014 seconds.
  path: Assets/TexturesTerrainAvecNormalMap/Texture Maps - Forest Grounds/ground-SticksLeaves.png
  artifactKey: Guid(37c401486e918904ebd6bae116cef5c2) Importer(815301076,1909f56bfc062723c751e8b465ee728b)
Start importing Assets/TexturesTerrainAvecNormalMap/Texture Maps - Forest Grounds/ground-SticksLeaves.png using Guid(37c401486e918904ebd6bae116cef5c2) Importer(815301076,1909f56bfc062723c751e8b465ee728b)  -> (artifact id: '9f30f9006794501d6118cd7723558644') in 0.019318 seconds
Number of updated asset objects reloaded before import = 0
Number of asset objects unloaded after import = 2
========================================================================
Received Import Request.
  Time since last request: 0.000015 seconds.
  path: Assets/TexturesTerrainAvecNormalMap/Texture Maps - Forest Grounds/ground-ThickIvy_Normal-unity.tga
  artifactKey: Guid(34a91d909b7132a488d1833c9c4bd562) Importer(815301076,1909f56bfc062723c751e8b465ee728b)
Start importing Assets/TexturesTerrainAvecNormalMap/Texture Maps - Forest Grounds/ground-ThickIvy_Normal-unity.tga using Guid(34a91d909b7132a488d1833c9c4bd562) Importer(815301076,1909f56bfc062723c751e8b465ee728b)  -> (artifact id: '734c34b335643819daddc9ee33c5f9ba') in 0.018622 seconds
Number of updated asset objects reloaded before import = 0
Number of asset objects unloaded after import = 2
========================================================================
Received Import Request.
  Time since last request: 0.000015 seconds.
  path: Assets/TexturesTerrainAvecNormalMap/Texture Maps - Forest Grounds/ground-WinterOakLeaves.tga
  artifactKey: Guid(f9887ea215a29c04fb500031b5c02531) Importer(815301076,1909f56bfc062723c751e8b465ee728b)
Start importing Assets/TexturesTerrainAvecNormalMap/Texture Maps - Forest Grounds/ground-WinterOakLeaves.tga using Guid(f9887ea215a29c04fb500031b5c02531) Importer(815301076,1909f56bfc062723c751e8b465ee728b)  -> (artifact id: 'bad307e61ae272280d759d8e16118b4c') in 0.017807 seconds
Number of updated asset objects reloaded before import = 0
Number of asset objects unloaded after import = 2
========================================================================
Received Import Request.
  Time since last request: 0.256864 seconds.
  path: Assets/TexturesTerrainAvecNormalMap/Texture Maps - Forest Grounds/ground-WinterOakLeaves-Closer_Normal-unity.tga
  artifactKey: Guid(ca8a2d84a837f6d4d82f2d385b130ef5) Importer(815301076,1909f56bfc062723c751e8b465ee728b)
Start importing Assets/TexturesTerrainAvecNormalMap/Texture Maps - Forest Grounds/ground-WinterOakLeaves-Closer_Normal-unity.tga using Guid(ca8a2d84a837f6d4d82f2d385b130ef5) Importer(815301076,1909f56bfc062723c751e8b465ee728b)  -> (artifact id: 'b96efc47f3f133f3e9ae56d996c0daef') in 0.020587 seconds
Number of updated asset objects reloaded before import = 0
Number of asset objects unloaded after import = 2
Editor requested this worker to shutdown with reason: Scaling down because of idle timeout
TcpMessagingSession - receive error: operation aborted. errorcode: 995, details: L’opération d’entrée/sortie a été abandonnée en raison de l’arrêt d’un thread ou à la demande d’une application.
AssetImportWorker is now disconnected from the server
Process exiting
Exiting without the bug reporter. Application will terminate with return code 0