Using pre-set license
Built from '2022.3/release' branch; Version is '2022.3.20f1 (61c2feb0970d) revision 6406910'; Using compiler version '192829333'; Build Type 'Release'
OS: 'Windows 10  (10.0.19045) 64bit Education' Language: 'fr' Physical Memory: 32481 MB
BatchMode: 1, IsHumanControllingUs: 0, StartBugReporterOnCrash: 0, Is64bit: 1, IsPro: 1

COMMAND LINE ARGUMENTS:
C:\Program Files\Unity\Hub\Editor\2022.3.20f1\Editor\Unity.exe
-adb2
-batchMode
-noUpm
-name
AssetImportWorker4
-projectPath
C:/Users/e2053322/Documents/GitHub/Environnement-jeux
-logFile
Logs/AssetImportWorker4.log
-srvPort
64142
Successfully changed project path to: C:/Users/e2053322/Documents/GitHub/Environnement-jeux
C:/Users/e2053322/Documents/GitHub/Environnement-jeux
[UnityMemory] Configuration Parameters - Can be set up in boot.config
    "memorysetup-bucket-allocator-granularity=16"
    "memorysetup-bucket-allocator-bucket-count=8"
    "memorysetup-bucket-allocator-block-size=33554432"
    "memorysetup-bucket-allocator-block-count=8"
    "memorysetup-main-allocator-block-size=16777216"
    "memorysetup-thread-allocator-block-size=16777216"
    "memorysetup-gfx-main-allocator-block-size=16777216"
    "memorysetup-gfx-thread-allocator-block-size=16777216"
    "memorysetup-cache-allocator-block-size=4194304"
    "memorysetup-typetree-allocator-block-size=2097152"
    "memorysetup-profiler-bucket-allocator-granularity=16"
    "memorysetup-profiler-bucket-allocator-bucket-count=8"
    "memorysetup-profiler-bucket-allocator-block-size=33554432"
    "memorysetup-profiler-bucket-allocator-block-count=8"
    "memorysetup-profiler-allocator-block-size=16777216"
    "memorysetup-profiler-editor-allocator-block-size=1048576"
    "memorysetup-temp-allocator-size-main=16777216"
    "memorysetup-job-temp-allocator-block-size=2097152"
    "memorysetup-job-temp-allocator-block-size-background=1048576"
    "memorysetup-job-temp-allocator-reduction-small-platforms=262144"
    "memorysetup-allocator-temp-initial-block-size-main=262144"
    "memorysetup-allocator-temp-initial-block-size-worker=262144"
    "memorysetup-temp-allocator-size-background-worker=32768"
    "memorysetup-temp-allocator-size-job-worker=262144"
    "memorysetup-temp-allocator-size-preload-manager=33554432"
    "memorysetup-temp-allocator-size-nav-mesh-worker=65536"
    "memorysetup-temp-allocator-size-audio-worker=65536"
    "memorysetup-temp-allocator-size-cloud-worker=32768"
    "memorysetup-temp-allocator-size-gi-baking-worker=262144"
    "memorysetup-temp-allocator-size-gfx=262144"
Player connection [1664] Host "[IP] 10.80.68.98 [Port] 0 [Flags] 2 [Guid] 3048825119 [EditorId] 3048825119 [Version] 1048832 [Id] WindowsEditor(7,B1166-02) [Debug] 1 [PackageName] WindowsEditor [ProjectName] Editor" joined multi-casting on [225.0.0.222:54997]...

Player connection [1664] Host "[IP] 10.80.68.98 [Port] 0 [Flags] 2 [Guid] 3048825119 [EditorId] 3048825119 [Version] 1048832 [Id] WindowsEditor(7,B1166-02) [Debug] 1 [PackageName] WindowsEditor [ProjectName] Editor" joined alternative multi-casting on [225.0.0.222:34997]...

[Physics::Module] Initialized MultithreadedJobDispatcher with 19 workers.
Refreshing native plugins compatible for Editor in 1566.09 ms, found 3 plugins.
Preloading 0 native plugins for Editor in 0.00 ms.
Initialize engine version: 2022.3.20f1 (61c2feb0970d)
[Subsystems] Discovering subsystems at path C:/Program Files/Unity/Hub/Editor/2022.3.20f1/Editor/Data/Resources/UnitySubsystems
[Subsystems] Discovering subsystems at path C:/Users/e2053322/Documents/GitHub/Environnement-jeux/Assets
GfxDevice: creating device client; threaded=0; jobified=0
Direct3D:
    Version:  Direct3D 11.0 [level 11.1]
    Renderer: NVIDIA GeForce RTX 3070 (ID=0x2488)
    Vendor:   NVIDIA
    VRAM:     8031 MB
    Driver:   31.0.15.3667
Initialize mono
Mono path[0] = 'C:/Program Files/Unity/Hub/Editor/2022.3.20f1/Editor/Data/Managed'
Mono path[1] = 'C:/Program Files/Unity/Hub/Editor/2022.3.20f1/Editor/Data/MonoBleedingEdge/lib/mono/unityjit-win32'
Mono config path = 'C:/Program Files/Unity/Hub/Editor/2022.3.20f1/Editor/Data/MonoBleedingEdge/etc'
Using monoOptions --debugger-agent=transport=dt_socket,embedding=1,server=y,suspend=n,address=127.0.0.1:56856
Begin MonoManager ReloadAssembly
Registering precompiled unity dll's ...
Register platform support module: C:/Program Files/Unity/Hub/Editor/2022.3.20f1/Editor/Data/PlaybackEngines/WindowsStandaloneSupport/UnityEditor.WindowsStandalone.Extensions.dll
Registered in 0.085357 seconds.
- Loaded All Assemblies, in  4.997 seconds
Native extension for WindowsStandalone target not found
Mono: successfully reloaded assembly
- Finished resetting the current domain, in  0.239 seconds
Domain Reload Profiling: 5235ms
	BeginReloadAssembly (3753ms)
		ExecutionOrderSort (0ms)
		DisableScriptedObjects (0ms)
		BackupInstance (0ms)
		ReleaseScriptingObjects (0ms)
		CreateAndSetChildDomain (1ms)
	RebuildCommonClasses (316ms)
	RebuildNativeTypeToScriptingClass (15ms)
	initialDomainReloadingComplete (132ms)
	LoadAllAssembliesAndSetupDomain (781ms)
		LoadAssemblies (3749ms)
		RebuildTransferFunctionScriptingTraits (0ms)
		AnalyzeDomain (779ms)
			TypeCache.Refresh (778ms)
				TypeCache.ScanAssembly (592ms)
			ScanForSourceGeneratedMonoScriptInfo (0ms)
			ResolveRequiredComponents (0ms)
	FinalizeReload (239ms)
		ReleaseScriptCaches (0ms)
		RebuildScriptCaches (0ms)
		SetupLoadedEditorAssemblies (190ms)
			LogAssemblyErrors (0ms)
			InitializePlatformSupportModulesInManaged (8ms)
			SetLoadedEditorAssemblies (6ms)
			RefreshPlugins (0ms)
			BeforeProcessingInitializeOnLoad (2ms)
			ProcessInitializeOnLoadAttributes (131ms)
			ProcessInitializeOnLoadMethodAttributes (44ms)
			AfterProcessingInitializeOnLoad (0ms)
			EditorAssembliesLoaded (0ms)
		ExecutionOrderSort2 (0ms)
		AwakeInstancesAfterBackupRestoration (0ms)
========================================================================
Worker process is ready to serve import requests
Begin MonoManager ReloadAssembly
- Loaded All Assemblies, in  4.174 seconds
Refreshing native plugins compatible for Editor in 3.04 ms, found 3 plugins.
Native extension for WindowsStandalone target not found
Package Manager log level set to [2]
[Package Manager] Server::EnsureServerProcessIsRunning -- launch failed, reason: Unity was launched with the -noUpm command-line argument
[Package Manager] UpmClient::Send -- Unable to send message (not connected to UPM process).
[Package Manager] Cannot connect to Unity Package Manager local server
Mono: successfully reloaded assembly
- Finished resetting the current domain, in  0.503 seconds
Domain Reload Profiling: 4673ms
	BeginReloadAssembly (134ms)
		ExecutionOrderSort (0ms)
		DisableScriptedObjects (5ms)
		BackupInstance (0ms)
		ReleaseScriptingObjects (0ms)
		CreateAndSetChildDomain (18ms)
	RebuildCommonClasses (27ms)
	RebuildNativeTypeToScriptingClass (9ms)
	initialDomainReloadingComplete (37ms)
	LoadAllAssembliesAndSetupDomain (3963ms)
		LoadAssemblies (3575ms)
		RebuildTransferFunctionScriptingTraits (0ms)
		AnalyzeDomain (471ms)
			TypeCache.Refresh (455ms)
				TypeCache.ScanAssembly (404ms)
			ScanForSourceGeneratedMonoScriptInfo (12ms)
			ResolveRequiredComponents (3ms)
	FinalizeReload (503ms)
		ReleaseScriptCaches (0ms)
		RebuildScriptCaches (0ms)
		SetupLoadedEditorAssemblies (378ms)
			LogAssemblyErrors (0ms)
			InitializePlatformSupportModulesInManaged (5ms)
			SetLoadedEditorAssemblies (4ms)
			RefreshPlugins (0ms)
			BeforeProcessingInitializeOnLoad (54ms)
			ProcessInitializeOnLoadAttributes (288ms)
			ProcessInitializeOnLoadMethodAttributes (18ms)
			AfterProcessingInitializeOnLoad (9ms)
			EditorAssembliesLoaded (0ms)
		ExecutionOrderSort2 (0ms)
		AwakeInstancesAfterBackupRestoration (6ms)
Launched and connected shader compiler UnityShaderCompiler.exe after 0.04 seconds
Refreshing native plugins compatible for Editor in 4.19 ms, found 3 plugins.
Preloading 0 native plugins for Editor in 0.00 ms.
Unloading 3084 Unused Serialized files (Serialized files now loaded: 0)
Unloading 32 unused Assets / (57.4 KB). Loaded Objects now: 3559.
Memory consumption went from 132.4 MB to 132.3 MB.
Total: 2.963200 ms (FindLiveObjects: 0.229700 ms CreateObjectMapping: 0.256100 ms MarkObjects: 2.402000 ms  DeleteObjects: 0.074400 ms)

AssetImportParameters requested are different than current active one (requested -> active):
  custom:container-demuxer-ogg: 62fdf1f143b41e24485cea50d1cbac27 -> 
  custom:video-decoder-ogg-theora: a1e56fd34408186e4bbccfd4996cb3dc -> 
  custom:framework-win-MediaFoundation: 216162199b28c13a410421893ffa2e32 -> 
  custom:CustomObjectIndexerAttribute: 6d391050e5a25f67b0a2c618074f2cd9 -> 
  custom:container-demuxer-webm: 4f35f7cbe854078d1ac9338744f61a02 -> 
  custom:container-muxer-webm: aa71ff27fc2769a1b78a27578f13a17b -> 
  custom:video-decoder-webm-vp8: 9c59270c3fd7afecdb556c50c9e8de78 -> 
  custom:SearchIndexIgnoredProperties: e643bd26f0fe6173181afceb89e7c659 -> 
  custom:AudioImporter_EditorPlatform: d09bf68614088b80899f8185d706f6e7 -> 
  custom:video-encoder-webm-vp8: eb34c28f22e8b96e1ab97ce403110664 -> 
  custom:audio-decoder-ogg-vorbis: bf7c407c2cedff20999df2af8eb42d56 -> 
  custom:audio-encoder-webm-vorbis: bf7c407c2cedff20999df2af8eb42d56 -> 
========================================================================
Received Import Request.
  Time since last request: 616424.207099 seconds.
  path: Assets/TexturesTerrainAvecNormalMap/Materials - Forest Grounds with Bump/ground - Grass Snow - bump.mat
  artifactKey: Guid(9f68a2430df1cc642bc31d5f4442318f) Importer(815301076,1909f56bfc062723c751e8b465ee728b)
Start importing Assets/TexturesTerrainAvecNormalMap/Materials - Forest Grounds with Bump/ground - Grass Snow - bump.mat using Guid(9f68a2430df1cc642bc31d5f4442318f) Importer(815301076,1909f56bfc062723c751e8b465ee728b)  -> (artifact id: '7dbfabac673ae9dfbe954185e6c977cf') in 0.205876 seconds
Number of updated asset objects reloaded before import = 0
Number of asset objects unloaded after import = 3
========================================================================
Received Import Request.
  Time since last request: 0.000021 seconds.
  path: Assets/TexturesTerrainAvecNormalMap/Materials - Forest Grounds/ground - Green Shoots.mat
  artifactKey: Guid(1d8a73e9df88a7f4f8a36699027c388b) Importer(815301076,1909f56bfc062723c751e8b465ee728b)
Start importing Assets/TexturesTerrainAvecNormalMap/Materials - Forest Grounds/ground - Green Shoots.mat using Guid(1d8a73e9df88a7f4f8a36699027c388b) Importer(815301076,1909f56bfc062723c751e8b465ee728b)  -> (artifact id: '0933da89ee5500408554a34dd013a807') in 0.093403 seconds
Number of updated asset objects reloaded before import = 0
Number of asset objects unloaded after import = 2
========================================================================
Received Import Request.
  Time since last request: 0.000026 seconds.
  path: Assets/TexturesTerrainAvecNormalMap/Materials - Forest Grounds with Bump/ground - Pine Needles Yellow - bump.mat
  artifactKey: Guid(a37f5bc9fb31132469c80bd184b0e2fa) Importer(815301076,1909f56bfc062723c751e8b465ee728b)
Start importing Assets/TexturesTerrainAvecNormalMap/Materials - Forest Grounds with Bump/ground - Pine Needles Yellow - bump.mat using Guid(a37f5bc9fb31132469c80bd184b0e2fa) Importer(815301076,1909f56bfc062723c751e8b465ee728b)  -> (artifact id: '3cdbbacaf4ea33858949990443d1cf81') in 0.013602 seconds
Number of updated asset objects reloaded before import = 0
Number of asset objects unloaded after import = 3
========================================================================
Received Import Request.
  Time since last request: 0.000017 seconds.
  path: Assets/TexturesTerrainAvecNormalMap/Materials - Forest Grounds/ground - Light Duff.mat
  artifactKey: Guid(6722c343474a05849a391c8083d13646) Importer(815301076,1909f56bfc062723c751e8b465ee728b)
Start importing Assets/TexturesTerrainAvecNormalMap/Materials - Forest Grounds/ground - Light Duff.mat using Guid(6722c343474a05849a391c8083d13646) Importer(815301076,1909f56bfc062723c751e8b465ee728b)  -> (artifact id: '03ee924263a8869938a7990266d65a86') in 0.013385 seconds
Number of updated asset objects reloaded before import = 0
Number of asset objects unloaded after import = 2
========================================================================
Received Import Request.
  Time since last request: 0.000022 seconds.
  path: Assets/TexturesTerrainAvecNormalMap/Materials - Forest Grounds with Bump/ground - Meadow Grass Tiny Flowers - bump.mat
  artifactKey: Guid(cac2633463cbe7a428a8c4443470ab88) Importer(815301076,1909f56bfc062723c751e8b465ee728b)
Start importing Assets/TexturesTerrainAvecNormalMap/Materials - Forest Grounds with Bump/ground - Meadow Grass Tiny Flowers - bump.mat using Guid(cac2633463cbe7a428a8c4443470ab88) Importer(815301076,1909f56bfc062723c751e8b465ee728b)  -> (artifact id: '3e1a639799db6491f9f610f514fed128') in 0.013492 seconds
Number of updated asset objects reloaded before import = 0
Number of asset objects unloaded after import = 3
========================================================================
Received Import Request.
  Time since last request: 0.000014 seconds.
  path: Assets/TexturesTerrainAvecNormalMap/Materials - Forest Grounds with Bump/ground - Pine Boughs - bump.mat
  artifactKey: Guid(4df7ae1b67513b84aa74497da5cf2030) Importer(815301076,1909f56bfc062723c751e8b465ee728b)
Start importing Assets/TexturesTerrainAvecNormalMap/Materials - Forest Grounds with Bump/ground - Pine Boughs - bump.mat using Guid(4df7ae1b67513b84aa74497da5cf2030) Importer(815301076,1909f56bfc062723c751e8b465ee728b)  -> (artifact id: '22037e14350b14abe189f65ec62956b0') in 0.014343 seconds
Number of updated asset objects reloaded before import = 0
Number of asset objects unloaded after import = 3
========================================================================
Received Import Request.
  Time since last request: 0.000018 seconds.
  path: Assets/TexturesTerrainAvecNormalMap/Materials - Forest Grounds with Bump/ground - Mossy Rocks and Leaves - bump.mat
  artifactKey: Guid(ab1488c3e5ba5d544878a41cc20eb820) Importer(815301076,1909f56bfc062723c751e8b465ee728b)
Start importing Assets/TexturesTerrainAvecNormalMap/Materials - Forest Grounds with Bump/ground - Mossy Rocks and Leaves - bump.mat using Guid(ab1488c3e5ba5d544878a41cc20eb820) Importer(815301076,1909f56bfc062723c751e8b465ee728b)  -> (artifact id: '9a46da260d73e8843638c88426b172f9') in 0.014202 seconds
Number of updated asset objects reloaded before import = 0
Number of asset objects unloaded after import = 3
========================================================================
Received Import Request.
  Time since last request: 0.000016 seconds.
  path: Assets/TexturesTerrainAvecNormalMap/Materials - Forest Grounds/ground - Moss and Pine Needles.mat
  artifactKey: Guid(9547314c2e0d1bf479c79a0fcbe87579) Importer(815301076,1909f56bfc062723c751e8b465ee728b)
Start importing Assets/TexturesTerrainAvecNormalMap/Materials - Forest Grounds/ground - Moss and Pine Needles.mat using Guid(9547314c2e0d1bf479c79a0fcbe87579) Importer(815301076,1909f56bfc062723c751e8b465ee728b)  -> (artifact id: 'ceb83c14c46a222b4515a0e6b9ee4236') in 0.012970 seconds
Number of updated asset objects reloaded before import = 0
Number of asset objects unloaded after import = 2
========================================================================
Received Import Request.
  Time since last request: 0.000014 seconds.
  path: Assets/TexturesTerrainAvecNormalMap/Materials - Forest Grounds with Bump/ground - Green Shoots 2 - bump.mat
  artifactKey: Guid(bc1cc98f3a6afbd40952f52478a330a6) Importer(815301076,1909f56bfc062723c751e8b465ee728b)
Start importing Assets/TexturesTerrainAvecNormalMap/Materials - Forest Grounds with Bump/ground - Green Shoots 2 - bump.mat using Guid(bc1cc98f3a6afbd40952f52478a330a6) Importer(815301076,1909f56bfc062723c751e8b465ee728b)  -> (artifact id: 'f04d52234c0fef9070a3d22b3822fd26') in 0.014043 seconds
Number of updated asset objects reloaded before import = 0
Number of asset objects unloaded after import = 3
Editor requested this worker to shutdown with reason: Scaling down because of idle timeout
TcpMessagingSession - receive error: operation aborted. errorcode: 995, details: L’opération d’entrée/sortie a été abandonnée en raison de l’arrêt d’un thread ou à la demande d’une application.
AssetImportWorker is now disconnected from the server
Process exiting
Exiting without the bug reporter. Application will terminate with return code 0