Using pre-set license
Built from '2022.3/release' branch; Version is '2022.3.20f1 (61c2feb0970d) revision 6406910'; Using compiler version '192829333'; Build Type 'Release'
OS: 'Windows 10  (10.0.19045) 64bit Education' Language: 'fr' Physical Memory: 32481 MB
BatchMode: 1, IsHumanControllingUs: 0, StartBugReporterOnCrash: 0, Is64bit: 1, IsPro: 1

COMMAND LINE ARGUMENTS:
C:\Program Files\Unity\Hub\Editor\2022.3.20f1\Editor\Unity.exe
-adb2
-batchMode
-noUpm
-name
AssetImportWorker10
-projectPath
C:/Users/e2053322/Documents/GitHub/Environnement-jeux
-logFile
Logs/AssetImportWorker10.log
-srvPort
64142
Successfully changed project path to: C:/Users/e2053322/Documents/GitHub/Environnement-jeux
C:/Users/e2053322/Documents/GitHub/Environnement-jeux
[UnityMemory] Configuration Parameters - Can be set up in boot.config
    "memorysetup-bucket-allocator-granularity=16"
    "memorysetup-bucket-allocator-bucket-count=8"
    "memorysetup-bucket-allocator-block-size=33554432"
    "memorysetup-bucket-allocator-block-count=8"
    "memorysetup-main-allocator-block-size=16777216"
    "memorysetup-thread-allocator-block-size=16777216"
    "memorysetup-gfx-main-allocator-block-size=16777216"
    "memorysetup-gfx-thread-allocator-block-size=16777216"
    "memorysetup-cache-allocator-block-size=4194304"
    "memorysetup-typetree-allocator-block-size=2097152"
    "memorysetup-profiler-bucket-allocator-granularity=16"
    "memorysetup-profiler-bucket-allocator-bucket-count=8"
    "memorysetup-profiler-bucket-allocator-block-size=33554432"
    "memorysetup-profiler-bucket-allocator-block-count=8"
    "memorysetup-profiler-allocator-block-size=16777216"
    "memorysetup-profiler-editor-allocator-block-size=1048576"
    "memorysetup-temp-allocator-size-main=16777216"
    "memorysetup-job-temp-allocator-block-size=2097152"
    "memorysetup-job-temp-allocator-block-size-background=1048576"
    "memorysetup-job-temp-allocator-reduction-small-platforms=262144"
    "memorysetup-allocator-temp-initial-block-size-main=262144"
    "memorysetup-allocator-temp-initial-block-size-worker=262144"
    "memorysetup-temp-allocator-size-background-worker=32768"
    "memorysetup-temp-allocator-size-job-worker=262144"
    "memorysetup-temp-allocator-size-preload-manager=33554432"
    "memorysetup-temp-allocator-size-nav-mesh-worker=65536"
    "memorysetup-temp-allocator-size-audio-worker=65536"
    "memorysetup-temp-allocator-size-cloud-worker=32768"
    "memorysetup-temp-allocator-size-gi-baking-worker=262144"
    "memorysetup-temp-allocator-size-gfx=262144"
Player connection [31376] Host "[IP] 10.80.68.98 [Port] 0 [Flags] 2 [Guid] 3729189014 [EditorId] 3729189014 [Version] 1048832 [Id] WindowsEditor(7,B1166-02) [Debug] 1 [PackageName] WindowsEditor [ProjectName] Editor" joined multi-casting on [225.0.0.222:54997]...

Player connection [31376] Host "[IP] 10.80.68.98 [Port] 0 [Flags] 2 [Guid] 3729189014 [EditorId] 3729189014 [Version] 1048832 [Id] WindowsEditor(7,B1166-02) [Debug] 1 [PackageName] WindowsEditor [ProjectName] Editor" joined alternative multi-casting on [225.0.0.222:34997]...

[Physics::Module] Initialized MultithreadedJobDispatcher with 19 workers.
Refreshing native plugins compatible for Editor in 84.13 ms, found 3 plugins.
Preloading 0 native plugins for Editor in 0.00 ms.
Initialize engine version: 2022.3.20f1 (61c2feb0970d)
[Subsystems] Discovering subsystems at path C:/Program Files/Unity/Hub/Editor/2022.3.20f1/Editor/Data/Resources/UnitySubsystems
[Subsystems] Discovering subsystems at path C:/Users/e2053322/Documents/GitHub/Environnement-jeux/Assets
GfxDevice: creating device client; threaded=0; jobified=0
Direct3D:
    Version:  Direct3D 11.0 [level 11.1]
    Renderer: NVIDIA GeForce RTX 3070 (ID=0x2488)
    Vendor:   NVIDIA
    VRAM:     8031 MB
    Driver:   31.0.15.3667
Initialize mono
Mono path[0] = 'C:/Program Files/Unity/Hub/Editor/2022.3.20f1/Editor/Data/Managed'
Mono path[1] = 'C:/Program Files/Unity/Hub/Editor/2022.3.20f1/Editor/Data/MonoBleedingEdge/lib/mono/unityjit-win32'
Mono config path = 'C:/Program Files/Unity/Hub/Editor/2022.3.20f1/Editor/Data/MonoBleedingEdge/etc'
Using monoOptions --debugger-agent=transport=dt_socket,embedding=1,server=y,suspend=n,address=127.0.0.1:56880
Begin MonoManager ReloadAssembly
Registering precompiled unity dll's ...
Register platform support module: C:/Program Files/Unity/Hub/Editor/2022.3.20f1/Editor/Data/PlaybackEngines/WindowsStandaloneSupport/UnityEditor.WindowsStandalone.Extensions.dll
Registered in 0.010574 seconds.
- Loaded All Assemblies, in  0.694 seconds
Native extension for WindowsStandalone target not found
Mono: successfully reloaded assembly
- Finished resetting the current domain, in  0.235 seconds
Domain Reload Profiling: 927ms
	BeginReloadAssembly (94ms)
		ExecutionOrderSort (0ms)
		DisableScriptedObjects (0ms)
		BackupInstance (0ms)
		ReleaseScriptingObjects (0ms)
		CreateAndSetChildDomain (1ms)
	RebuildCommonClasses (126ms)
	RebuildNativeTypeToScriptingClass (9ms)
	initialDomainReloadingComplete (57ms)
	LoadAllAssembliesAndSetupDomain (405ms)
		LoadAssemblies (92ms)
		RebuildTransferFunctionScriptingTraits (0ms)
		AnalyzeDomain (404ms)
			TypeCache.Refresh (403ms)
				TypeCache.ScanAssembly (389ms)
			ScanForSourceGeneratedMonoScriptInfo (0ms)
			ResolveRequiredComponents (0ms)
	FinalizeReload (235ms)
		ReleaseScriptCaches (0ms)
		RebuildScriptCaches (0ms)
		SetupLoadedEditorAssemblies (188ms)
			LogAssemblyErrors (0ms)
			InitializePlatformSupportModulesInManaged (8ms)
			SetLoadedEditorAssemblies (6ms)
			RefreshPlugins (0ms)
			BeforeProcessingInitializeOnLoad (2ms)
			ProcessInitializeOnLoadAttributes (125ms)
			ProcessInitializeOnLoadMethodAttributes (48ms)
			AfterProcessingInitializeOnLoad (0ms)
			EditorAssembliesLoaded (0ms)
		ExecutionOrderSort2 (0ms)
		AwakeInstancesAfterBackupRestoration (0ms)
========================================================================
Worker process is ready to serve import requests
Begin MonoManager ReloadAssembly
- Loaded All Assemblies, in  0.581 seconds
Refreshing native plugins compatible for Editor in 3.21 ms, found 3 plugins.
Native extension for WindowsStandalone target not found
Package Manager log level set to [2]
[Package Manager] Server::EnsureServerProcessIsRunning -- launch failed, reason: Unity was launched with the -noUpm command-line argument
[Package Manager] UpmClient::Send -- Unable to send message (not connected to UPM process).
[Package Manager] Cannot connect to Unity Package Manager local server
Mono: successfully reloaded assembly
- Finished resetting the current domain, in  0.594 seconds
Domain Reload Profiling: 1173ms
	BeginReloadAssembly (138ms)
		ExecutionOrderSort (0ms)
		DisableScriptedObjects (5ms)
		BackupInstance (0ms)
		ReleaseScriptingObjects (0ms)
		CreateAndSetChildDomain (18ms)
	RebuildCommonClasses (28ms)
	RebuildNativeTypeToScriptingClass (9ms)
	initialDomainReloadingComplete (37ms)
	LoadAllAssembliesAndSetupDomain (367ms)
		LoadAssemblies (255ms)
		RebuildTransferFunctionScriptingTraits (0ms)
		AnalyzeDomain (195ms)
			TypeCache.Refresh (177ms)
				TypeCache.ScanAssembly (117ms)
			ScanForSourceGeneratedMonoScriptInfo (13ms)
			ResolveRequiredComponents (3ms)
	FinalizeReload (595ms)
		ReleaseScriptCaches (0ms)
		RebuildScriptCaches (0ms)
		SetupLoadedEditorAssemblies (468ms)
			LogAssemblyErrors (0ms)
			InitializePlatformSupportModulesInManaged (5ms)
			SetLoadedEditorAssemblies (4ms)
			RefreshPlugins (0ms)
			BeforeProcessingInitializeOnLoad (53ms)
			ProcessInitializeOnLoadAttributes (369ms)
			ProcessInitializeOnLoadMethodAttributes (27ms)
			AfterProcessingInitializeOnLoad (10ms)
			EditorAssembliesLoaded (0ms)
		ExecutionOrderSort2 (0ms)
		AwakeInstancesAfterBackupRestoration (7ms)
Launched and connected shader compiler UnityShaderCompiler.exe after 0.03 seconds
Refreshing native plugins compatible for Editor in 5.14 ms, found 3 plugins.
Preloading 0 native plugins for Editor in 0.00 ms.
Unloading 3084 Unused Serialized files (Serialized files now loaded: 0)
Unloading 32 unused Assets / (57.8 KB). Loaded Objects now: 3569.
Memory consumption went from 138.4 MB to 138.3 MB.
Total: 3.310000 ms (FindLiveObjects: 0.426700 ms CreateObjectMapping: 0.369800 ms MarkObjects: 2.405400 ms  DeleteObjects: 0.107500 ms)

AssetImportParameters requested are different than current active one (requested -> active):
  custom:container-demuxer-ogg: 62fdf1f143b41e24485cea50d1cbac27 -> 
  custom:video-decoder-ogg-theora: a1e56fd34408186e4bbccfd4996cb3dc -> 
  custom:framework-win-MediaFoundation: 216162199b28c13a410421893ffa2e32 -> 
  custom:CustomObjectIndexerAttribute: 6d391050e5a25f67b0a2c618074f2cd9 -> 
  custom:container-demuxer-webm: 4f35f7cbe854078d1ac9338744f61a02 -> 
  custom:container-muxer-webm: aa71ff27fc2769a1b78a27578f13a17b -> 
  custom:video-decoder-webm-vp8: 9c59270c3fd7afecdb556c50c9e8de78 -> 
  custom:SearchIndexIgnoredProperties: e643bd26f0fe6173181afceb89e7c659 -> 
  custom:AudioImporter_EditorPlatform: d09bf68614088b80899f8185d706f6e7 -> 
  custom:video-encoder-webm-vp8: eb34c28f22e8b96e1ab97ce403110664 -> 
  custom:audio-decoder-ogg-vorbis: bf7c407c2cedff20999df2af8eb42d56 -> 
  custom:audio-encoder-webm-vorbis: bf7c407c2cedff20999df2af8eb42d56 -> 
========================================================================
Received Prepare
Begin MonoManager ReloadAssembly
- Loaded All Assemblies, in  0.414 seconds
Refreshing native plugins compatible for Editor in 3.31 ms, found 3 plugins.
Native extension for WindowsStandalone target not found
[Package Manager] Server::EnsureServerProcessIsRunning -- launch failed, reason: Unity was launched with the -noUpm command-line argument
[Package Manager] UpmClient::Send -- Unable to send message (not connected to UPM process).
[Package Manager] Cannot connect to Unity Package Manager local server
Mono: successfully reloaded assembly
- Finished resetting the current domain, in  0.832 seconds
Domain Reload Profiling: 1242ms
	BeginReloadAssembly (151ms)
		ExecutionOrderSort (0ms)
		DisableScriptedObjects (5ms)
		BackupInstance (0ms)
		ReleaseScriptingObjects (0ms)
		CreateAndSetChildDomain (32ms)
	RebuildCommonClasses (28ms)
	RebuildNativeTypeToScriptingClass (11ms)
	initialDomainReloadingComplete (27ms)
	LoadAllAssembliesAndSetupDomain (192ms)
		LoadAssemblies (261ms)
		RebuildTransferFunctionScriptingTraits (0ms)
		AnalyzeDomain (15ms)
			TypeCache.Refresh (10ms)
				TypeCache.ScanAssembly (0ms)
			ScanForSourceGeneratedMonoScriptInfo (0ms)
			ResolveRequiredComponents (4ms)
	FinalizeReload (832ms)
		ReleaseScriptCaches (0ms)
		RebuildScriptCaches (0ms)
		SetupLoadedEditorAssemblies (380ms)
			LogAssemblyErrors (0ms)
			InitializePlatformSupportModulesInManaged (6ms)
			SetLoadedEditorAssemblies (4ms)
			RefreshPlugins (0ms)
			BeforeProcessingInitializeOnLoad (58ms)
			ProcessInitializeOnLoadAttributes (284ms)
			ProcessInitializeOnLoadMethodAttributes (19ms)
			AfterProcessingInitializeOnLoad (8ms)
			EditorAssembliesLoaded (0ms)
		ExecutionOrderSort2 (0ms)
		AwakeInstancesAfterBackupRestoration (6ms)
Refreshing native plugins compatible for Editor in 5.43 ms, found 3 plugins.
Preloading 0 native plugins for Editor in 0.00 ms.
Unloading 3077 Unused Serialized files (Serialized files now loaded: 0)
Unloading 23 unused Assets / (31.1 KB). Loaded Objects now: 3572.
Memory consumption went from 139.4 MB to 139.3 MB.
Total: 3.275600 ms (FindLiveObjects: 0.406200 ms CreateObjectMapping: 0.367800 ms MarkObjects: 2.430500 ms  DeleteObjects: 0.070200 ms)

Prepare: number of updated asset objects reloaded= 0
AssetImportParameters requested are different than current active one (requested -> active):
  custom:container-demuxer-ogg: 62fdf1f143b41e24485cea50d1cbac27 -> 
  custom:video-decoder-ogg-theora: a1e56fd34408186e4bbccfd4996cb3dc -> 
  custom:framework-win-MediaFoundation: 216162199b28c13a410421893ffa2e32 -> 
  custom:CustomObjectIndexerAttribute: 6d391050e5a25f67b0a2c618074f2cd9 -> 
  custom:container-demuxer-webm: 4f35f7cbe854078d1ac9338744f61a02 -> 
  custom:container-muxer-webm: aa71ff27fc2769a1b78a27578f13a17b -> 
  custom:video-decoder-webm-vp8: 9c59270c3fd7afecdb556c50c9e8de78 -> 
  custom:SearchIndexIgnoredProperties: e643bd26f0fe6173181afceb89e7c659 -> 
  custom:AudioImporter_EditorPlatform: d09bf68614088b80899f8185d706f6e7 -> 
  custom:video-encoder-webm-vp8: eb34c28f22e8b96e1ab97ce403110664 -> 
  custom:audio-decoder-ogg-vorbis: bf7c407c2cedff20999df2af8eb42d56 -> 
  custom:audio-encoder-webm-vorbis: bf7c407c2cedff20999df2af8eb42d56 -> 
========================================================================
Received Import Request.
  Time since last request: 620164.251221 seconds.
  path: Assets/Building_Body 53 (8).obj
  artifactKey: Guid(c93e4fd7e1a01a440be479e84cfc0ab1) Importer(815301076,1909f56bfc062723c751e8b465ee728b)
Start importing Assets/Building_Body 53 (8).obj using Guid(c93e4fd7e1a01a440be479e84cfc0ab1) Importer(815301076,1909f56bfc062723c751e8b465ee728b)  -> (artifact id: '7a2d3f581b2474d5cf5a39378357d3af') in 0.158168 seconds
Number of updated asset objects reloaded before import = 0
Number of asset objects unloaded after import = 10
========================================================================
Received Import Request.
  Time since last request: 0.000024 seconds.
  path: Assets/Building_Body 52 (4).obj
  artifactKey: Guid(d012e58ddb289804f8d6e4cd9502bc01) Importer(815301076,1909f56bfc062723c751e8b465ee728b)
Start importing Assets/Building_Body 52 (4).obj using Guid(d012e58ddb289804f8d6e4cd9502bc01) Importer(815301076,1909f56bfc062723c751e8b465ee728b)  -> (artifact id: '92b100bafc6744dba9d6edc63b630631') in 0.025354 seconds
Number of updated asset objects reloaded before import = 0
Number of asset objects unloaded after import = 10
========================================================================
Received Import Request.
  Time since last request: 0.000028 seconds.
  path: Assets/Building_Body 53.obj
  artifactKey: Guid(37c5b6951e07d154db70b0fdeb048c30) Importer(815301076,1909f56bfc062723c751e8b465ee728b)
Start importing Assets/Building_Body 53.obj using Guid(37c5b6951e07d154db70b0fdeb048c30) Importer(815301076,1909f56bfc062723c751e8b465ee728b)  -> (artifact id: '7a19829949ebbe971b4c6a936df3ff82') in 0.026643 seconds
Number of updated asset objects reloaded before import = 0
Number of asset objects unloaded after import = 10
========================================================================
Received Import Request.
  Time since last request: 0.000014 seconds.
  path: Assets/Building_Body 54 (5).obj
  artifactKey: Guid(f65ed9e5072a8df41b2cab06139ea6af) Importer(815301076,1909f56bfc062723c751e8b465ee728b)
Start importing Assets/Building_Body 54 (5).obj using Guid(f65ed9e5072a8df41b2cab06139ea6af) Importer(815301076,1909f56bfc062723c751e8b465ee728b)  -> (artifact id: '5f106552591a9dec9b026232fc3bee91') in 0.025751 seconds
Number of updated asset objects reloaded before import = 0
Number of asset objects unloaded after import = 10
========================================================================
Received Import Request.
  Time since last request: 0.000016 seconds.
  path: Assets/Building_Body 52 (7).obj
  artifactKey: Guid(b6ce85c408feba54f94190a8c9075381) Importer(815301076,1909f56bfc062723c751e8b465ee728b)
Start importing Assets/Building_Body 52 (7).obj using Guid(b6ce85c408feba54f94190a8c9075381) Importer(815301076,1909f56bfc062723c751e8b465ee728b)  -> (artifact id: '1f953ad7ff807836c8cf9716848e9d8b') in 0.024660 seconds
Number of updated asset objects reloaded before import = 0
Number of asset objects unloaded after import = 10
========================================================================
Received Import Request.
  Time since last request: 0.000016 seconds.
  path: Assets/Building_Body 54 (1).obj
  artifactKey: Guid(dd8339220256f0549959a1136abe0d10) Importer(815301076,1909f56bfc062723c751e8b465ee728b)
Start importing Assets/Building_Body 54 (1).obj using Guid(dd8339220256f0549959a1136abe0d10) Importer(815301076,1909f56bfc062723c751e8b465ee728b)  -> (artifact id: '861091c2a4a124fb941c733c44365554') in 0.024477 seconds
Number of updated asset objects reloaded before import = 0
Number of asset objects unloaded after import = 10
========================================================================
Received Import Request.
  Time since last request: 0.000013 seconds.
  path: Assets/Building_Body 52 (5).obj
  artifactKey: Guid(811dd3b6af3eb9d4da8fdb22b109bd95) Importer(815301076,1909f56bfc062723c751e8b465ee728b)
Start importing Assets/Building_Body 52 (5).obj using Guid(811dd3b6af3eb9d4da8fdb22b109bd95) Importer(815301076,1909f56bfc062723c751e8b465ee728b)  -> (artifact id: '7d289a6f9d5d5c9ea15be7cf9e1a6a29') in 0.025749 seconds
Number of updated asset objects reloaded before import = 0
Number of asset objects unloaded after import = 10
========================================================================
Received Import Request.
  Time since last request: 0.000016 seconds.
  path: Assets/Building_Body 53 (4).obj
  artifactKey: Guid(190d65a377006de40bd53c8fd20eb6f8) Importer(815301076,1909f56bfc062723c751e8b465ee728b)
Start importing Assets/Building_Body 53 (4).obj using Guid(190d65a377006de40bd53c8fd20eb6f8) Importer(815301076,1909f56bfc062723c751e8b465ee728b)  -> (artifact id: 'daae1521687e6c5dcbf847fa21623d80') in 0.027094 seconds
Number of updated asset objects reloaded before import = 0
Number of asset objects unloaded after import = 10
========================================================================
Received Import Request.
  Time since last request: 0.000014 seconds.
  path: Assets/Building_Body 34 (15).obj
  artifactKey: Guid(dfb222b932a279f42b788a50dd61980d) Importer(815301076,1909f56bfc062723c751e8b465ee728b)
Start importing Assets/Building_Body 34 (15).obj using Guid(dfb222b932a279f42b788a50dd61980d) Importer(815301076,1909f56bfc062723c751e8b465ee728b)  -> (artifact id: 'bf5b0569b0fa060f16485479c0993b55') in 0.019432 seconds
Number of updated asset objects reloaded before import = 0
Number of asset objects unloaded after import = 10
========================================================================
Received Import Request.
  Time since last request: 0.000018 seconds.
  path: Assets/Building_Body 34 (17).obj
  artifactKey: Guid(bb4b7a6cf7e67fc488af24152a5e4dea) Importer(815301076,1909f56bfc062723c751e8b465ee728b)
Start importing Assets/Building_Body 34 (17).obj using Guid(bb4b7a6cf7e67fc488af24152a5e4dea) Importer(815301076,1909f56bfc062723c751e8b465ee728b)  -> (artifact id: '7a97276d5d4b80ad66a7d50964f90cf6') in 0.020058 seconds
Number of updated asset objects reloaded before import = 0
Number of asset objects unloaded after import = 10
========================================================================
Received Import Request.
  Time since last request: 0.000013 seconds.
  path: Assets/Building_Body 26 (6).obj
  artifactKey: Guid(bd56e693b5d518249ade9cfdc6cd0e89) Importer(815301076,1909f56bfc062723c751e8b465ee728b)
Start importing Assets/Building_Body 26 (6).obj using Guid(bd56e693b5d518249ade9cfdc6cd0e89) Importer(815301076,1909f56bfc062723c751e8b465ee728b)  -> (artifact id: 'afb4971c3f54933e7a15ceb1a1d79434') in 0.023225 seconds
Number of updated asset objects reloaded before import = 0
Number of asset objects unloaded after import = 10
========================================================================
Received Import Request.
  Time since last request: 0.000020 seconds.
  path: Assets/Building_Body 34 (11).obj
  artifactKey: Guid(3e714247d951f4948a296900c1c22472) Importer(815301076,1909f56bfc062723c751e8b465ee728b)
Start importing Assets/Building_Body 34 (11).obj using Guid(3e714247d951f4948a296900c1c22472) Importer(815301076,1909f56bfc062723c751e8b465ee728b)  -> (artifact id: '316198e7d7f4dc44bd3c037b5b0a6715') in 0.019828 seconds
Number of updated asset objects reloaded before import = 0
Number of asset objects unloaded after import = 10
========================================================================
Received Import Request.
  Time since last request: 0.000023 seconds.
  path: Assets/Building_Body 34 (6).obj
  artifactKey: Guid(c7f28d0886c9bb649a7d7dd8bb655934) Importer(815301076,1909f56bfc062723c751e8b465ee728b)
Start importing Assets/Building_Body 34 (6).obj using Guid(c7f28d0886c9bb649a7d7dd8bb655934) Importer(815301076,1909f56bfc062723c751e8b465ee728b)  -> (artifact id: '4d421a5ff0993210984047b2abaeb395') in 0.024362 seconds
Number of updated asset objects reloaded before import = 0
Number of asset objects unloaded after import = 10
========================================================================
Received Import Request.
  Time since last request: 0.000013 seconds.
  path: Assets/Building_Body 26.obj
  artifactKey: Guid(9bc243d92d4c3d6449d80837506739af) Importer(815301076,1909f56bfc062723c751e8b465ee728b)
Start importing Assets/Building_Body 26.obj using Guid(9bc243d92d4c3d6449d80837506739af) Importer(815301076,1909f56bfc062723c751e8b465ee728b)  -> (artifact id: '2c8ffd3defb5f9b97cd61c9297283ca7') in 0.023991 seconds
Number of updated asset objects reloaded before import = 0
Number of asset objects unloaded after import = 10
========================================================================
Received Import Request.
  Time since last request: 0.000014 seconds.
  path: Assets/Building_Body 34 (4).obj
  artifactKey: Guid(c0ee58eab7fb1b84b98c7925bd288736) Importer(815301076,1909f56bfc062723c751e8b465ee728b)
Start importing Assets/Building_Body 34 (4).obj using Guid(c0ee58eab7fb1b84b98c7925bd288736) Importer(815301076,1909f56bfc062723c751e8b465ee728b)  -> (artifact id: 'ce5a28deb1a49613754b4903b6e2ff3c') in 0.024907 seconds
Number of updated asset objects reloaded before import = 0
Number of asset objects unloaded after import = 10
========================================================================
Received Import Request.
  Time since last request: 0.000013 seconds.
  path: Assets/Building_Body 26 (5).obj
  artifactKey: Guid(60f22b9f65958784d84ba6df56769b2c) Importer(815301076,1909f56bfc062723c751e8b465ee728b)
Start importing Assets/Building_Body 26 (5).obj using Guid(60f22b9f65958784d84ba6df56769b2c) Importer(815301076,1909f56bfc062723c751e8b465ee728b)  -> (artifact id: '9aa053798c43590ea14889757763cd68') in 0.024165 seconds
Number of updated asset objects reloaded before import = 0
Number of asset objects unloaded after import = 10
========================================================================
Received Import Request.
  Time since last request: 0.000012 seconds.
  path: Assets/Building_Body 34 (8).obj
  artifactKey: Guid(4231a751ed9657c4a899c930c69c4d28) Importer(815301076,1909f56bfc062723c751e8b465ee728b)
Start importing Assets/Building_Body 34 (8).obj using Guid(4231a751ed9657c4a899c930c69c4d28) Importer(815301076,1909f56bfc062723c751e8b465ee728b)  -> (artifact id: 'b364c0d897fc04ab60a48e912cea32ca') in 0.023656 seconds
Number of updated asset objects reloaded before import = 0
Number of asset objects unloaded after import = 10
========================================================================
Received Import Request.
  Time since last request: 0.000014 seconds.
  path: Assets/Building_Body 52 (9).obj
  artifactKey: Guid(08ab8aedfbf02034eb58f26caa07a248) Importer(815301076,1909f56bfc062723c751e8b465ee728b)
Start importing Assets/Building_Body 52 (9).obj using Guid(08ab8aedfbf02034eb58f26caa07a248) Importer(815301076,1909f56bfc062723c751e8b465ee728b)  -> (artifact id: '98fba44d6882621f68bb5a4dbdead261') in 0.024043 seconds
Number of updated asset objects reloaded before import = 0
Number of asset objects unloaded after import = 10
========================================================================
Received Import Request.
  Time since last request: 0.000019 seconds.
  path: Assets/Building_Body 34 (3).obj
  artifactKey: Guid(966ac67578fe85b40a2cbc6eb1008895) Importer(815301076,1909f56bfc062723c751e8b465ee728b)
Start importing Assets/Building_Body 34 (3).obj using Guid(966ac67578fe85b40a2cbc6eb1008895) Importer(815301076,1909f56bfc062723c751e8b465ee728b)  -> (artifact id: '3ef93e85ce517fca3eb2b87bc56256de') in 0.025672 seconds
Number of updated asset objects reloaded before import = 0
Number of asset objects unloaded after import = 10
========================================================================
Received Import Request.
  Time since last request: 0.000014 seconds.
  path: Assets/Building_Body 26 (9).obj
  artifactKey: Guid(4f2f3e25db461b045b13bb3fe7455dc3) Importer(815301076,1909f56bfc062723c751e8b465ee728b)
Start importing Assets/Building_Body 26 (9).obj using Guid(4f2f3e25db461b045b13bb3fe7455dc3) Importer(815301076,1909f56bfc062723c751e8b465ee728b)  -> (artifact id: 'e276772410315f74878807db901e4a41') in 0.023112 seconds
Number of updated asset objects reloaded before import = 0
Number of asset objects unloaded after import = 10
========================================================================
Received Import Request.
  Time since last request: 0.000013 seconds.
  path: Assets/Building_Body 17 (7).obj
  artifactKey: Guid(2ff0d756d4f55694f885cbe689ec5eea) Importer(815301076,1909f56bfc062723c751e8b465ee728b)
Start importing Assets/Building_Body 17 (7).obj using Guid(2ff0d756d4f55694f885cbe689ec5eea) Importer(815301076,1909f56bfc062723c751e8b465ee728b)  -> (artifact id: '79e1d6a552883d71d0e3f8c980691d75') in 0.024087 seconds
Number of updated asset objects reloaded before import = 0
Number of asset objects unloaded after import = 10
========================================================================
Received Import Request.
  Time since last request: 0.000014 seconds.
  path: Assets/Building_Body 17 (3).obj
  artifactKey: Guid(242655f717da2954da3e2810c2ad9caa) Importer(815301076,1909f56bfc062723c751e8b465ee728b)
Start importing Assets/Building_Body 17 (3).obj using Guid(242655f717da2954da3e2810c2ad9caa) Importer(815301076,1909f56bfc062723c751e8b465ee728b)  -> (artifact id: '7610d3fd673dc7adddc3d94ca2d8f3ba') in 0.024562 seconds
Number of updated asset objects reloaded before import = 0
Number of asset objects unloaded after import = 10
========================================================================
Received Import Request.
  Time since last request: 0.000023 seconds.
  path: Assets/Building_Body 17 (2) 2.obj
  artifactKey: Guid(964d14666e7845542b8080c86d2fa731) Importer(815301076,1909f56bfc062723c751e8b465ee728b)
Start importing Assets/Building_Body 17 (2) 2.obj using Guid(964d14666e7845542b8080c86d2fa731) Importer(815301076,1909f56bfc062723c751e8b465ee728b)  -> (artifact id: 'fffdd35acb3e6107966b9733d5789685') in 0.023926 seconds
Number of updated asset objects reloaded before import = 0
Number of asset objects unloaded after import = 10
========================================================================
Received Import Request.
  Time since last request: 0.000013 seconds.
  path: Assets/Building_Body 07 (6).obj
  artifactKey: Guid(f8373df9365314a459ba87de78aed3af) Importer(815301076,1909f56bfc062723c751e8b465ee728b)
Start importing Assets/Building_Body 07 (6).obj using Guid(f8373df9365314a459ba87de78aed3af) Importer(815301076,1909f56bfc062723c751e8b465ee728b)  -> (artifact id: '178496be8d861d95c3c3c088c1e3ac22') in 0.022919 seconds
Number of updated asset objects reloaded before import = 0
Number of asset objects unloaded after import = 10
========================================================================
Received Import Request.
  Time since last request: 0.000014 seconds.
  path: Assets/Building_Body 26 (3).obj
  artifactKey: Guid(954e84b7fc3beed4e856d1b802d77646) Importer(815301076,1909f56bfc062723c751e8b465ee728b)
Start importing Assets/Building_Body 26 (3).obj using Guid(954e84b7fc3beed4e856d1b802d77646) Importer(815301076,1909f56bfc062723c751e8b465ee728b)  -> (artifact id: '93dbb7d2df2d156f753426411f4f32ea') in 0.023281 seconds
Number of updated asset objects reloaded before import = 0
Number of asset objects unloaded after import = 10
========================================================================
Received Import Request.
  Time since last request: 0.000014 seconds.
  path: Assets/Building_Body 26 (4).obj
  artifactKey: Guid(2ae2211658ec2d64b85df0208ee1a897) Importer(815301076,1909f56bfc062723c751e8b465ee728b)
Start importing Assets/Building_Body 26 (4).obj using Guid(2ae2211658ec2d64b85df0208ee1a897) Importer(815301076,1909f56bfc062723c751e8b465ee728b)  -> (artifact id: 'd9ad747aff14f7ea798bf27ffff79710') in 0.024015 seconds
Number of updated asset objects reloaded before import = 0
Number of asset objects unloaded after import = 10
========================================================================
Received Import Request.
  Time since last request: 0.000012 seconds.
  path: Assets/Building_Body 07 (5).obj
  artifactKey: Guid(5054a1e6aa969774a9e62796e94530bc) Importer(815301076,1909f56bfc062723c751e8b465ee728b)
Start importing Assets/Building_Body 07 (5).obj using Guid(5054a1e6aa969774a9e62796e94530bc) Importer(815301076,1909f56bfc062723c751e8b465ee728b)  -> (artifact id: '41d33e673a3d9115a3f9e24936c9cfac') in 0.024497 seconds
Number of updated asset objects reloaded before import = 0
Number of asset objects unloaded after import = 10
========================================================================
Received Import Request.
  Time since last request: 0.000017 seconds.
  path: Assets/Building_Body 26 (1).obj
  artifactKey: Guid(1c18947829148b84e961c62f3ef05336) Importer(815301076,1909f56bfc062723c751e8b465ee728b)
Start importing Assets/Building_Body 26 (1).obj using Guid(1c18947829148b84e961c62f3ef05336) Importer(815301076,1909f56bfc062723c751e8b465ee728b)  -> (artifact id: '813206928e8c252a0c08b22c6c195070') in 0.026335 seconds
Number of updated asset objects reloaded before import = 0
Number of asset objects unloaded after import = 10
========================================================================
Received Import Request.
  Time since last request: 0.000014 seconds.
  path: Assets/Building_Body 34 (12).obj
  artifactKey: Guid(d63fc788f9680104e9497ca28bba69c8) Importer(815301076,1909f56bfc062723c751e8b465ee728b)
Start importing Assets/Building_Body 34 (12).obj using Guid(d63fc788f9680104e9497ca28bba69c8) Importer(815301076,1909f56bfc062723c751e8b465ee728b)  -> (artifact id: '40e52b64a0c728a9e29cbba860e96a76') in 0.018148 seconds
Number of updated asset objects reloaded before import = 0
Number of asset objects unloaded after import = 10
========================================================================
Received Import Request.
  Time since last request: 0.000014 seconds.
  path: Assets/Building_Body 53 (2).obj
  artifactKey: Guid(7b78fe817194ef044ada291d09ecb740) Importer(815301076,1909f56bfc062723c751e8b465ee728b)
Start importing Assets/Building_Body 53 (2).obj using Guid(7b78fe817194ef044ada291d09ecb740) Importer(815301076,1909f56bfc062723c751e8b465ee728b)  -> (artifact id: '5195df0c3cfca1614bc0c231e13d8402') in 0.023185 seconds
Number of updated asset objects reloaded before import = 0
Number of asset objects unloaded after import = 10
========================================================================
Received Import Request.
  Time since last request: 0.000013 seconds.
  path: Assets/Building_Body 52 (8).obj
  artifactKey: Guid(fcb00d969a002724784c03acdfe9ce4d) Importer(815301076,1909f56bfc062723c751e8b465ee728b)
Start importing Assets/Building_Body 52 (8).obj using Guid(fcb00d969a002724784c03acdfe9ce4d) Importer(815301076,1909f56bfc062723c751e8b465ee728b)  -> (artifact id: '9e7b0ce16824602a46412335a796a809') in 0.023128 seconds
Number of updated asset objects reloaded before import = 0
Number of asset objects unloaded after import = 10
========================================================================
Received Import Request.
  Time since last request: 0.000014 seconds.
  path: Assets/Building_Body 54 (4).obj
  artifactKey: Guid(07302e169f152674287703d3b605ba97) Importer(815301076,1909f56bfc062723c751e8b465ee728b)
Start importing Assets/Building_Body 54 (4).obj using Guid(07302e169f152674287703d3b605ba97) Importer(815301076,1909f56bfc062723c751e8b465ee728b)  -> (artifact id: '6a35746825750558eb315ebaa7ed732f') in 0.023102 seconds
Number of updated asset objects reloaded before import = 0
Number of asset objects unloaded after import = 10
========================================================================
Received Import Request.
  Time since last request: 0.000017 seconds.
  path: Assets/Building_Body 07 (4).obj
  artifactKey: Guid(facb6d897634f2448a449221ab212112) Importer(815301076,1909f56bfc062723c751e8b465ee728b)
Start importing Assets/Building_Body 07 (4).obj using Guid(facb6d897634f2448a449221ab212112) Importer(815301076,1909f56bfc062723c751e8b465ee728b)  -> (artifact id: 'e698fed39f03938f79d82d080a08ae3f') in 0.023456 seconds
Number of updated asset objects reloaded before import = 0
Number of asset objects unloaded after import = 10
========================================================================
Received Import Request.
  Time since last request: 0.000013 seconds.
  path: Assets/Building_Body 38_.obj
  artifactKey: Guid(de4ecefcc54b2a944a393046caa46b7e) Importer(815301076,1909f56bfc062723c751e8b465ee728b)
Start importing Assets/Building_Body 38_.obj using Guid(de4ecefcc54b2a944a393046caa46b7e) Importer(815301076,1909f56bfc062723c751e8b465ee728b)  -> (artifact id: '1b62f275773315cb8b7086d0fbe97878') in 0.023594 seconds
Number of updated asset objects reloaded before import = 0
Number of asset objects unloaded after import = 10
========================================================================
Received Import Request.
  Time since last request: 0.000014 seconds.
  path: Assets/Building_Body 52 (1).obj
  artifactKey: Guid(a1b2ca59ccfe6724fb4e96d2eb8f1743) Importer(815301076,1909f56bfc062723c751e8b465ee728b)
Start importing Assets/Building_Body 52 (1).obj using Guid(a1b2ca59ccfe6724fb4e96d2eb8f1743) Importer(815301076,1909f56bfc062723c751e8b465ee728b)  -> (artifact id: '20d8538430d5a80348dc71e80636e51b') in 0.023595 seconds
Number of updated asset objects reloaded before import = 0
Number of asset objects unloaded after import = 10
========================================================================
Received Import Request.
  Time since last request: 0.000018 seconds.
  path: Assets/Building_Body 26 (7).obj
  artifactKey: Guid(2f18d5ab071ea8848a4e7355de592178) Importer(815301076,1909f56bfc062723c751e8b465ee728b)
Start importing Assets/Building_Body 26 (7).obj using Guid(2f18d5ab071ea8848a4e7355de592178) Importer(815301076,1909f56bfc062723c751e8b465ee728b)  -> (artifact id: '1b53fed9ba2deca0022a2b220a62e874') in 0.024193 seconds
Number of updated asset objects reloaded before import = 0
Number of asset objects unloaded after import = 10
========================================================================
Received Import Request.
  Time since last request: 0.000014 seconds.
  path: Assets/Building_Body 34 (7).obj
  artifactKey: Guid(65f2887dc9f7cea428a3795a0e7ba371) Importer(815301076,1909f56bfc062723c751e8b465ee728b)
Start importing Assets/Building_Body 34 (7).obj using Guid(65f2887dc9f7cea428a3795a0e7ba371) Importer(815301076,1909f56bfc062723c751e8b465ee728b)  -> (artifact id: 'b72c5848b67a85244e034f1d024d67bd') in 0.023394 seconds
Number of updated asset objects reloaded before import = 0
Number of asset objects unloaded after import = 10
========================================================================
Received Import Request.
  Time since last request: 0.000015 seconds.
  path: Assets/Building_Body 17 (8).obj
  artifactKey: Guid(b3245146d6b967c41a2e3ea5f044400b) Importer(815301076,1909f56bfc062723c751e8b465ee728b)
Start importing Assets/Building_Body 17 (8).obj using Guid(b3245146d6b967c41a2e3ea5f044400b) Importer(815301076,1909f56bfc062723c751e8b465ee728b)  -> (artifact id: 'f8a557898bf8513aee90949a20ee5b8a') in 0.023718 seconds
Number of updated asset objects reloaded before import = 0
Number of asset objects unloaded after import = 10
Editor requested this worker to shutdown with reason: Scaling down because of idle timeout
TcpMessagingSession - receive error: operation aborted. errorcode: 995, details: L’opération d’entrée/sortie a été abandonnée en raison de l’arrêt d’un thread ou à la demande d’une application.
AssetImportWorker is now disconnected from the server
Process exiting
Exiting without the bug reporter. Application will terminate with return code 0